2016-09-23 18:38:32,461 - INFO:Starting new HTTPS connection (1): wamsprodglobal001acs.accesscontrol.windows.net
2016-09-23 18:38:33,454 - DEBUG:"POST /v2/OAuth2-13 HTTP/1.1" 200 660
2016-09-23 18:38:33,460 - INFO:Starting new HTTPS connection (1): media.windows.net
2016-09-23 18:38:34,314 - DEBUG:"GET /API HTTP/1.1" 301 166
2016-09-23 18:38:34,316 - INFO:Starting new HTTPS connection (1): ams-brso-1-hos-rest-1-1.cloudapp.net
2016-09-23 18:38:34,641 - DEBUG:"GET /api/ HTTP/1.1" 200 483
2016-09-23 18:38:34,665 - INFO:Starting new HTTPS connection (1): media.windows.net
2016-09-23 18:38:35,713 - DEBUG:"POST /API/Assets HTTP/1.1" 301 166
2016-09-23 18:38:35,722 - INFO:Starting new HTTPS connection (1): ams-brso-1-hos-rest-1-1.cloudapp.net
2016-09-23 18:38:37,058 - DEBUG:"POST /api//Assets HTTP/1.1" 201 2068
2016-09-23 18:38:37,074 - INFO:Starting new HTTPS connection (1): media.windows.net
2016-09-23 18:38:37,821 - DEBUG:"POST /API/Files HTTP/1.1" 301 166
2016-09-23 18:38:37,830 - INFO:Starting new HTTPS connection (1): ams-brso-1-hos-rest-1-1.cloudapp.net
2016-09-23 18:38:38,822 - DEBUG:"POST /api//Files HTTP/1.1" 201 762
2016-09-23 18:38:38,838 - INFO:Starting new HTTPS connection (1): media.windows.net
2016-09-23 18:38:39,555 - DEBUG:"POST /API/AccessPolicies HTTP/1.1" 301 166
2016-09-23 18:38:39,559 - INFO:Starting new HTTPS connection (1): ams-brso-1-hos-rest-1-1.cloudapp.net
2016-09-23 18:38:45,685 - DEBUG:"POST /api//AccessPolicies HTTP/1.1" 201 544
2016-09-23 18:38:45,696 - INFO:Starting new HTTPS connection (1): media.windows.net
2016-09-23 18:38:46,444 - DEBUG:"POST /API/Locators HTTP/1.1" 301 166
2016-09-23 18:38:46,453 - INFO:Starting new HTTPS connection (1): ams-brso-1-hos-rest-1-1.cloudapp.net
2016-09-23 18:38:47,441 - DEBUG:"POST /api//Locators HTTP/1.1" 201 1422
2016-09-23 18:38:47,511 - INFO:Starting new HTTPS connection (1): wow2ams.blob.core.windows.net
2016-09-23 18:38:48,027 - DEBUG:"PUT /asset-fe8ae2bd-5600-4cc8-b753-44da9d167594/movie.mp4?sv=2012-02-12&sr=c&si=d191a179-2b72-42fa-9cdd-84db8b99c70e&sig=X5%2BDJOgWWLwj2P9WPIfA%2FkQwq%2B6rwDeuU9ooilZtH9s%3D&se=2016-09-24T01%3A58%3A48Z HTTP/1.1" 201 None
2016-09-23 18:38:48,033 - INFO:Starting new HTTPS connection (1): media.windows.net
2016-09-23 18:38:48,618 - DEBUG:"PATCH /API%2FFiles%28%27nb%3Acid%3AUUID%3A2e745012-b03d-4d80-971a-d2f5a7be2f97%27%29 HTTP/1.1" 301 166
2016-09-23 18:38:48,623 - INFO:Starting new HTTPS connection (1): ams-brso-1-hos-rest-1-1.cloudapp.net
2016-09-23 18:38:50,546 - DEBUG:"PATCH /api/%2FFiles%28%27nb%3Acid%3AUUID%3A2e745012-b03d-4d80-971a-d2f5a7be2f97%27%29 HTTP/1.1" 204 0
2016-09-23 18:38:50,556 - INFO:Starting new HTTPS connection (1): media.windows.net
2016-09-23 18:39:01,191 - DEBUG:"DELETE /API%2FLocators%28%27nb%3Alid%3AUUID%3Ad191a179-2b72-42fa-9cdd-84db8b99c70e%27%29 HTTP/1.1" 301 166
2016-09-23 18:39:01,202 - INFO:Starting new HTTPS connection (1): ams-brso-1-hos-rest-1-1.cloudapp.net
2016-09-23 18:39:01,986 - DEBUG:"DELETE /api/%2FLocators%28%27nb%3Alid%3AUUID%3Ad191a179-2b72-42fa-9cdd-84db8b99c70e%27%29 HTTP/1.1" 204 0
2016-09-23 18:39:02,001 - INFO:Starting new HTTPS connection (1): media.windows.net
2016-09-23 18:39:02,803 - DEBUG:"DELETE /API%2FAccessPolicies%28%27nb%3Apid%3AUUID%3A90bacce9-998e-4419-8e57-b044c2c4ef6b%27%29 HTTP/1.1" 301 166
2016-09-23 18:39:02,814 - INFO:Starting new HTTPS connection (1): ams-brso-1-hos-rest-1-1.cloudapp.net
2016-09-23 18:39:03,002 - DEBUG:"DELETE /api/%2FAccessPolicies%28%27nb%3Apid%3AUUID%3A90bacce9-998e-4419-8e57-b044c2c4ef6b%27%29 HTTP/1.1" 204 0
2016-09-23 18:39:03,013 - INFO:Starting new HTTPS connection (1): media.windows.net
2016-09-23 18:39:03,671 - DEBUG:"GET /API/MediaProcessors HTTP/1.1" 301 166
2016-09-23 18:39:03,676 - INFO:Starting new HTTPS connection (1): ams-brso-1-hos-rest-1-1.cloudapp.net
2016-09-23 18:39:06,645 - DEBUG:"GET /api//MediaProcessors HTTP/1.1" 200 8137
2016-09-23 18:39:06,665 - INFO:Starting new HTTPS connection (1): media.windows.net
2016-09-23 18:39:07,315 - DEBUG:"POST /API/Jobs HTTP/1.1" 301 166
2016-09-23 18:39:07,325 - INFO:Starting new HTTPS connection (1): ams-brso-1-hos-rest-1-1.cloudapp.net
2016-09-23 18:39:11,093 - DEBUG:"POST /api//Jobs HTTP/1.1" 201 1228
2016-09-23 18:39:11,107 - INFO:Starting new HTTPS connection (1): media.windows.net
2016-09-23 18:39:11,841 - DEBUG:"GET /API/Jobs('nb:jid:UUID:db8c3dfd-d063-431e-83dc-67fc7ec41a28') HTTP/1.1" 301 166
2016-09-23 18:39:11,850 - INFO:Starting new HTTPS connection (1): ams-brso-1-hos-rest-1-1.cloudapp.net
2016-09-23 18:39:12,009 - DEBUG:"GET /api//Jobs('nb:jid:UUID:db8c3dfd-d063-431e-83dc-67fc7ec41a28') HTTP/1.1" 200 1218
2016-09-23 18:39:17,016 - INFO:Starting new HTTPS connection (1): media.windows.net
2016-09-23 18:39:17,697 - DEBUG:"GET /API/Jobs('nb:jid:UUID:db8c3dfd-d063-431e-83dc-67fc7ec41a28') HTTP/1.1" 301 166
2016-09-23 18:39:17,711 - INFO:Starting new HTTPS connection (1): ams-brso-1-hos-rest-1-1.cloudapp.net
2016-09-23 18:39:17,934 - DEBUG:"GET /api//Jobs('nb:jid:UUID:db8c3dfd-d063-431e-83dc-67fc7ec41a28') HTTP/1.1" 200 1238
2016-09-23 18:39:22,955 - INFO:Starting new HTTPS connection (1): media.windows.net
2016-09-23 18:39:23,633 - DEBUG:"GET /API/Jobs('nb:jid:UUID:db8c3dfd-d063-431e-83dc-67fc7ec41a28') HTTP/1.1" 301 166
2016-09-23 18:39:23,643 - INFO:Starting new HTTPS connection (1): ams-brso-1-hos-rest-1-1.cloudapp.net
2016-09-23 18:39:23,817 - DEBUG:"GET /api//Jobs('nb:jid:UUID:db8c3dfd-d063-431e-83dc-67fc7ec41a28') HTTP/1.1" 200 1238
2016-09-23 18:39:28,826 - INFO:Starting new HTTPS connection (1): media.windows.net
2016-09-23 18:39:29,493 - DEBUG:"GET /API/Jobs('nb:jid:UUID:db8c3dfd-d063-431e-83dc-67fc7ec41a28') HTTP/1.1" 301 166
2016-09-23 18:39:29,505 - INFO:Starting new HTTPS connection (1): ams-brso-1-hos-rest-1-1.cloudapp.net
2016-09-23 18:39:29,692 - DEBUG:"GET /api//Jobs('nb:jid:UUID:db8c3dfd-d063-431e-83dc-67fc7ec41a28') HTTP/1.1" 200 1238
2016-09-23 18:39:34,711 - INFO:Starting new HTTPS connection (1): media.windows.net
2016-09-23 18:39:35,452 - DEBUG:"GET /API/Jobs('nb:jid:UUID:db8c3dfd-d063-431e-83dc-67fc7ec41a28') HTTP/1.1" 301 166
2016-09-23 18:39:35,457 - INFO:Starting new HTTPS connection (1): ams-brso-1-hos-rest-1-1.cloudapp.net
2016-09-23 18:39:35,934 - DEBUG:"GET /api//Jobs('nb:jid:UUID:db8c3dfd-d063-431e-83dc-67fc7ec41a28') HTTP/1.1" 200 1238
2016-09-23 18:39:40,945 - INFO:Starting new HTTPS connection (1): media.windows.net
2016-09-23 18:39:42,101 - DEBUG:"GET /API/Jobs('nb:jid:UUID:db8c3dfd-d063-431e-83dc-67fc7ec41a28') HTTP/1.1" 301 166
2016-09-23 18:39:42,109 - INFO:Starting new HTTPS connection (1): ams-brso-1-hos-rest-1-1.cloudapp.net
2016-09-23 18:39:42,460 - DEBUG:"GET /api//Jobs('nb:jid:UUID:db8c3dfd-d063-431e-83dc-67fc7ec41a28') HTTP/1.1" 200 1238
2016-09-23 18:39:47,472 - INFO:Starting new HTTPS connection (1): media.windows.net
2016-09-23 18:39:48,133 - DEBUG:"GET /API/Jobs('nb:jid:UUID:db8c3dfd-d063-431e-83dc-67fc7ec41a28') HTTP/1.1" 301 166
2016-09-23 18:39:48,143 - INFO:Starting new HTTPS connection (1): ams-brso-1-hos-rest-1-1.cloudapp.net
2016-09-23 18:39:48,478 - DEBUG:"GET /api//Jobs('nb:jid:UUID:db8c3dfd-d063-431e-83dc-67fc7ec41a28') HTTP/1.1" 200 1238
2016-09-23 18:39:53,494 - INFO:Starting new HTTPS connection (1): media.windows.net
2016-09-23 18:39:54,141 - DEBUG:"GET /API/Jobs('nb:jid:UUID:db8c3dfd-d063-431e-83dc-67fc7ec41a28') HTTP/1.1" 301 166
2016-09-23 18:39:54,145 - INFO:Starting new HTTPS connection (1): ams-brso-1-hos-rest-1-1.cloudapp.net
2016-09-23 18:39:54,652 - DEBUG:"GET /api//Jobs('nb:jid:UUID:db8c3dfd-d063-431e-83dc-67fc7ec41a28') HTTP/1.1" 200 1238
2016-09-23 18:39:59,663 - INFO:Starting new HTTPS connection (1): media.windows.net
2016-09-23 18:40:00,313 - DEBUG:"GET /API/Jobs('nb:jid:UUID:db8c3dfd-d063-431e-83dc-67fc7ec41a28') HTTP/1.1" 301 166
2016-09-23 18:40:00,321 - INFO:Starting new HTTPS connection (1): ams-brso-1-hos-rest-1-1.cloudapp.net
2016-09-23 18:40:00,685 - DEBUG:"GET /api//Jobs('nb:jid:UUID:db8c3dfd-d063-431e-83dc-67fc7ec41a28') HTTP/1.1" 200 1238
2016-09-23 18:40:05,692 - INFO:Starting new HTTPS connection (1): media.windows.net
2016-09-23 18:40:06,307 - DEBUG:"GET /API/Jobs('nb:jid:UUID:db8c3dfd-d063-431e-83dc-67fc7ec41a28') HTTP/1.1" 301 166
2016-09-23 18:40:06,317 - INFO:Starting new HTTPS connection (1): ams-brso-1-hos-rest-1-1.cloudapp.net
2016-09-23 18:40:06,614 - DEBUG:"GET /api//Jobs('nb:jid:UUID:db8c3dfd-d063-431e-83dc-67fc7ec41a28') HTTP/1.1" 200 1238
2016-09-23 18:40:11,622 - INFO:Starting new HTTPS connection (1): media.windows.net
2016-09-23 18:40:12,270 - DEBUG:"GET /API/Jobs('nb:jid:UUID:db8c3dfd-d063-431e-83dc-67fc7ec41a28') HTTP/1.1" 301 166
2016-09-23 18:40:12,278 - INFO:Starting new HTTPS connection (1): ams-brso-1-hos-rest-1-1.cloudapp.net
2016-09-23 18:40:12,445 - DEBUG:"GET /api//Jobs('nb:jid:UUID:db8c3dfd-d063-431e-83dc-67fc7ec41a28') HTTP/1.1" 200 1238
2016-09-23 18:40:17,457 - INFO:Starting new HTTPS connection (1): media.windows.net
2016-09-23 18:40:18,086 - DEBUG:"GET /API/Jobs('nb:jid:UUID:db8c3dfd-d063-431e-83dc-67fc7ec41a28') HTTP/1.1" 301 166
2016-09-23 18:40:18,097 - INFO:Starting new HTTPS connection (1): ams-brso-1-hos-rest-1-1.cloudapp.net
2016-09-23 18:40:18,589 - DEBUG:"GET /api//Jobs('nb:jid:UUID:db8c3dfd-d063-431e-83dc-67fc7ec41a28') HTTP/1.1" 200 1238
2016-09-23 18:40:23,600 - INFO:Starting new HTTPS connection (1): media.windows.net
2016-09-23 18:40:24,405 - DEBUG:"GET /API/Jobs('nb:jid:UUID:db8c3dfd-d063-431e-83dc-67fc7ec41a28') HTTP/1.1" 301 166
2016-09-23 18:40:24,410 - INFO:Starting new HTTPS connection (1): ams-brso-1-hos-rest-1-1.cloudapp.net
2016-09-23 18:40:24,782 - DEBUG:"GET /api//Jobs('nb:jid:UUID:db8c3dfd-d063-431e-83dc-67fc7ec41a28') HTTP/1.1" 200 1238
2016-09-23 18:40:29,794 - INFO:Starting new HTTPS connection (1): media.windows.net
2016-09-23 18:40:30,560 - DEBUG:"GET /API/Jobs('nb:jid:UUID:db8c3dfd-d063-431e-83dc-67fc7ec41a28') HTTP/1.1" 301 166
2016-09-23 18:40:30,568 - INFO:Starting new HTTPS connection (1): ams-brso-1-hos-rest-1-1.cloudapp.net
2016-09-23 18:40:31,238 - DEBUG:"GET /api//Jobs('nb:jid:UUID:db8c3dfd-d063-431e-83dc-67fc7ec41a28') HTTP/1.1" 200 1238
2016-09-23 18:40:36,251 - INFO:Starting new HTTPS connection (1): media.windows.net
2016-09-23 18:40:37,000 - DEBUG:"GET /API/Jobs('nb:jid:UUID:db8c3dfd-d063-431e-83dc-67fc7ec41a28') HTTP/1.1" 301 166
2016-09-23 18:40:37,005 - INFO:Starting new HTTPS connection (1): ams-brso-1-hos-rest-1-1.cloudapp.net
2016-09-23 18:40:37,486 - DEBUG:"GET /api//Jobs('nb:jid:UUID:db8c3dfd-d063-431e-83dc-67fc7ec41a28') HTTP/1.1" 200 1238
2016-09-23 18:40:42,500 - INFO:Starting new HTTPS connection (1): media.windows.net
2016-09-23 18:40:43,119 - DEBUG:"GET /API/Jobs('nb:jid:UUID:db8c3dfd-d063-431e-83dc-67fc7ec41a28') HTTP/1.1" 301 166
2016-09-23 18:40:43,123 - INFO:Starting new HTTPS connection (1): ams-brso-1-hos-rest-1-1.cloudapp.net
2016-09-23 18:40:43,789 - DEBUG:"GET /api//Jobs('nb:jid:UUID:db8c3dfd-d063-431e-83dc-67fc7ec41a28') HTTP/1.1" 200 1238
2016-09-23 18:40:48,799 - INFO:Starting new HTTPS connection (1): media.windows.net
2016-09-23 18:40:49,456 - DEBUG:"GET /API/Jobs('nb:jid:UUID:db8c3dfd-d063-431e-83dc-67fc7ec41a28') HTTP/1.1" 301 166
2016-09-23 18:40:49,469 - INFO:Starting new HTTPS connection (1): ams-brso-1-hos-rest-1-1.cloudapp.net
2016-09-23 18:40:49,652 - DEBUG:"GET /api//Jobs('nb:jid:UUID:db8c3dfd-d063-431e-83dc-67fc7ec41a28') HTTP/1.1" 200 1238
2016-09-23 18:40:54,662 - INFO:Starting new HTTPS connection (1): media.windows.net
2016-09-23 18:40:55,328 - DEBUG:"GET /API/Jobs('nb:jid:UUID:db8c3dfd-d063-431e-83dc-67fc7ec41a28') HTTP/1.1" 301 166
2016-09-23 18:40:55,337 - INFO:Starting new HTTPS connection (1): ams-brso-1-hos-rest-1-1.cloudapp.net
2016-09-23 18:40:55,894 - DEBUG:"GET /api//Jobs('nb:jid:UUID:db8c3dfd-d063-431e-83dc-67fc7ec41a28') HTTP/1.1" 200 1238
2016-09-23 18:41:00,908 - INFO:Starting new HTTPS connection (1): media.windows.net
2016-09-23 18:41:01,573 - DEBUG:"GET /API/Jobs('nb:jid:UUID:db8c3dfd-d063-431e-83dc-67fc7ec41a28') HTTP/1.1" 301 166
2016-09-23 18:41:01,583 - INFO:Starting new HTTPS connection (1): ams-brso-1-hos-rest-1-1.cloudapp.net
2016-09-23 18:41:01,934 - DEBUG:"GET /api//Jobs('nb:jid:UUID:db8c3dfd-d063-431e-83dc-67fc7ec41a28') HTTP/1.1" 200 1238
2016-09-23 18:41:06,941 - INFO:Starting new HTTPS connection (1): media.windows.net
2016-09-23 18:41:08,124 - DEBUG:"GET /API/Jobs('nb:jid:UUID:db8c3dfd-d063-431e-83dc-67fc7ec41a28') HTTP/1.1" 301 166
2016-09-23 18:41:08,133 - INFO:Starting new HTTPS connection (1): ams-brso-1-hos-rest-1-1.cloudapp.net
2016-09-23 18:41:08,433 - DEBUG:"GET /api//Jobs('nb:jid:UUID:db8c3dfd-d063-431e-83dc-67fc7ec41a28') HTTP/1.1" 200 1238
2016-09-23 18:41:13,441 - INFO:Starting new HTTPS connection (1): media.windows.net
2016-09-23 18:41:14,163 - DEBUG:"GET /API/Jobs('nb:jid:UUID:db8c3dfd-d063-431e-83dc-67fc7ec41a28') HTTP/1.1" 301 166
2016-09-23 18:41:14,176 - INFO:Starting new HTTPS connection (1): ams-brso-1-hos-rest-1-1.cloudapp.net
2016-09-23 18:41:14,543 - DEBUG:"GET /api//Jobs('nb:jid:UUID:db8c3dfd-d063-431e-83dc-67fc7ec41a28') HTTP/1.1" 200 1238
2016-09-23 18:41:19,561 - INFO:Starting new HTTPS connection (1): media.windows.net
2016-09-23 18:41:20,221 - DEBUG:"GET /API/Jobs('nb:jid:UUID:db8c3dfd-d063-431e-83dc-67fc7ec41a28') HTTP/1.1" 301 166
2016-09-23 18:41:20,234 - INFO:Starting new HTTPS connection (1): ams-brso-1-hos-rest-1-1.cloudapp.net
2016-09-23 18:41:20,760 - DEBUG:"GET /api//Jobs('nb:jid:UUID:db8c3dfd-d063-431e-83dc-67fc7ec41a28') HTTP/1.1" 200 1238
2016-09-23 18:41:25,771 - INFO:Starting new HTTPS connection (1): media.windows.net
2016-09-23 18:41:26,416 - DEBUG:"GET /API/Jobs('nb:jid:UUID:db8c3dfd-d063-431e-83dc-67fc7ec41a28') HTTP/1.1" 301 166
2016-09-23 18:41:26,428 - INFO:Starting new HTTPS connection (1): ams-brso-1-hos-rest-1-1.cloudapp.net
2016-09-23 18:41:27,267 - DEBUG:"GET /api//Jobs('nb:jid:UUID:db8c3dfd-d063-431e-83dc-67fc7ec41a28') HTTP/1.1" 200 1238
2016-09-23 18:41:32,277 - INFO:Starting new HTTPS connection (1): media.windows.net
2016-09-23 18:41:33,074 - DEBUG:"GET /API/Jobs('nb:jid:UUID:db8c3dfd-d063-431e-83dc-67fc7ec41a28') HTTP/1.1" 301 166
2016-09-23 18:41:33,093 - INFO:Starting new HTTPS connection (1): ams-brso-1-hos-rest-1-1.cloudapp.net
2016-09-23 18:41:33,456 - DEBUG:"GET /api//Jobs('nb:jid:UUID:db8c3dfd-d063-431e-83dc-67fc7ec41a28') HTTP/1.1" 200 1238
2016-09-23 18:41:38,472 - INFO:Starting new HTTPS connection (1): media.windows.net
2016-09-23 18:41:39,271 - DEBUG:"GET /API/Jobs('nb:jid:UUID:db8c3dfd-d063-431e-83dc-67fc7ec41a28') HTTP/1.1" 301 166
2016-09-23 18:41:39,276 - INFO:Starting new HTTPS connection (1): ams-brso-1-hos-rest-1-1.cloudapp.net
2016-09-23 18:41:39,504 - DEBUG:"GET /api//Jobs('nb:jid:UUID:db8c3dfd-d063-431e-83dc-67fc7ec41a28') HTTP/1.1" 200 1238
2016-09-23 18:41:44,519 - INFO:Starting new HTTPS connection (1): media.windows.net
2016-09-23 18:41:45,299 - DEBUG:"GET /API/Jobs('nb:jid:UUID:db8c3dfd-d063-431e-83dc-67fc7ec41a28') HTTP/1.1" 301 166
2016-09-23 18:41:45,305 - INFO:Starting new HTTPS connection (1): ams-brso-1-hos-rest-1-1.cloudapp.net
2016-09-23 18:41:45,463 - DEBUG:"GET /api//Jobs('nb:jid:UUID:db8c3dfd-d063-431e-83dc-67fc7ec41a28') HTTP/1.1" 200 1238
2016-09-23 18:41:50,471 - INFO:Starting new HTTPS connection (1): media.windows.net
2016-09-23 18:41:51,251 - DEBUG:"GET /API/Jobs('nb:jid:UUID:db8c3dfd-d063-431e-83dc-67fc7ec41a28') HTTP/1.1" 301 166
2016-09-23 18:41:51,261 - INFO:Starting new HTTPS connection (1): ams-brso-1-hos-rest-1-1.cloudapp.net
2016-09-23 18:41:51,462 - DEBUG:"GET /api//Jobs('nb:jid:UUID:db8c3dfd-d063-431e-83dc-67fc7ec41a28') HTTP/1.1" 200 1238
2016-09-23 18:41:56,473 - INFO:Starting new HTTPS connection (1): media.windows.net
2016-09-23 18:41:57,117 - DEBUG:"GET /API/Jobs('nb:jid:UUID:db8c3dfd-d063-431e-83dc-67fc7ec41a28') HTTP/1.1" 301 166
2016-09-23 18:41:57,126 - INFO:Starting new HTTPS connection (1): ams-brso-1-hos-rest-1-1.cloudapp.net
2016-09-23 18:41:57,445 - DEBUG:"GET /api//Jobs('nb:jid:UUID:db8c3dfd-d063-431e-83dc-67fc7ec41a28') HTTP/1.1" 200 1238
2016-09-23 18:42:02,456 - INFO:Starting new HTTPS connection (1): media.windows.net
2016-09-23 18:42:03,062 - DEBUG:"GET /API/Jobs('nb:jid:UUID:db8c3dfd-d063-431e-83dc-67fc7ec41a28') HTTP/1.1" 301 166
2016-09-23 18:42:03,066 - INFO:Starting new HTTPS connection (1): ams-brso-1-hos-rest-1-1.cloudapp.net
2016-09-23 18:42:03,428 - DEBUG:"GET /api//Jobs('nb:jid:UUID:db8c3dfd-d063-431e-83dc-67fc7ec41a28') HTTP/1.1" 200 1238
2016-09-23 18:42:08,435 - INFO:Starting new HTTPS connection (1): media.windows.net
2016-09-23 18:42:09,233 - DEBUG:"GET /API/Jobs('nb:jid:UUID:db8c3dfd-d063-431e-83dc-67fc7ec41a28') HTTP/1.1" 301 166
2016-09-23 18:42:09,243 - INFO:Starting new HTTPS connection (1): ams-brso-1-hos-rest-1-1.cloudapp.net
2016-09-23 18:42:09,567 - DEBUG:"GET /api//Jobs('nb:jid:UUID:db8c3dfd-d063-431e-83dc-67fc7ec41a28') HTTP/1.1" 200 1238
2016-09-23 18:42:14,579 - INFO:Starting new HTTPS connection (1): media.windows.net
2016-09-23 18:42:15,983 - DEBUG:"GET /API/Jobs('nb:jid:UUID:db8c3dfd-d063-431e-83dc-67fc7ec41a28') HTTP/1.1" 301 166
2016-09-23 18:42:15,987 - INFO:Starting new HTTPS connection (1): ams-brso-1-hos-rest-1-1.cloudapp.net
2016-09-23 18:42:16,310 - DEBUG:"GET /api//Jobs('nb:jid:UUID:db8c3dfd-d063-431e-83dc-67fc7ec41a28') HTTP/1.1" 200 1238
2016-09-23 18:42:21,321 - INFO:Starting new HTTPS connection (1): media.windows.net
2016-09-23 18:42:22,159 - DEBUG:"GET /API/Jobs('nb:jid:UUID:db8c3dfd-d063-431e-83dc-67fc7ec41a28') HTTP/1.1" 301 166
2016-09-23 18:42:22,172 - INFO:Starting new HTTPS connection (1): ams-brso-1-hos-rest-1-1.cloudapp.net
2016-09-23 18:42:22,683 - DEBUG:"GET /api//Jobs('nb:jid:UUID:db8c3dfd-d063-431e-83dc-67fc7ec41a28') HTTP/1.1" 200 1238
2016-09-23 18:42:27,692 - INFO:Starting new HTTPS connection (1): media.windows.net
2016-09-23 18:42:28,350 - DEBUG:"GET /API/Jobs('nb:jid:UUID:db8c3dfd-d063-431e-83dc-67fc7ec41a28') HTTP/1.1" 301 166
2016-09-23 18:42:28,367 - INFO:Starting new HTTPS connection (1): ams-brso-1-hos-rest-1-1.cloudapp.net
2016-09-23 18:42:28,764 - DEBUG:"GET /api//Jobs('nb:jid:UUID:db8c3dfd-d063-431e-83dc-67fc7ec41a28') HTTP/1.1" 200 1238
2016-09-23 18:42:33,778 - INFO:Starting new HTTPS connection (1): media.windows.net
2016-09-23 18:42:34,420 - DEBUG:"GET /API/Jobs('nb:jid:UUID:db8c3dfd-d063-431e-83dc-67fc7ec41a28') HTTP/1.1" 301 166
2016-09-23 18:42:34,434 - INFO:Starting new HTTPS connection (1): ams-brso-1-hos-rest-1-1.cloudapp.net
2016-09-23 18:42:34,948 - DEBUG:"GET /api//Jobs('nb:jid:UUID:db8c3dfd-d063-431e-83dc-67fc7ec41a28') HTTP/1.1" 200 1238
2016-09-23 18:42:39,959 - INFO:Starting new HTTPS connection (1): media.windows.net
2016-09-23 18:42:40,644 - DEBUG:"GET /API/Jobs('nb:jid:UUID:db8c3dfd-d063-431e-83dc-67fc7ec41a28') HTTP/1.1" 301 166
2016-09-23 18:42:40,653 - INFO:Starting new HTTPS connection (1): ams-brso-1-hos-rest-1-1.cloudapp.net
2016-09-23 18:42:41,034 - DEBUG:"GET /api//Jobs('nb:jid:UUID:db8c3dfd-d063-431e-83dc-67fc7ec41a28') HTTP/1.1" 200 1238
2016-09-23 18:42:46,052 - INFO:Starting new HTTPS connection (1): media.windows.net
2016-09-23 18:42:46,697 - DEBUG:"GET /API/Jobs('nb:jid:UUID:db8c3dfd-d063-431e-83dc-67fc7ec41a28') HTTP/1.1" 301 166
2016-09-23 18:42:46,703 - INFO:Starting new HTTPS connection (1): ams-brso-1-hos-rest-1-1.cloudapp.net
2016-09-23 18:42:47,087 - DEBUG:"GET /api//Jobs('nb:jid:UUID:db8c3dfd-d063-431e-83dc-67fc7ec41a28') HTTP/1.1" 200 1238
2016-09-23 18:42:52,105 - INFO:Starting new HTTPS connection (1): media.windows.net
2016-09-23 18:42:52,736 - DEBUG:"GET /API/Jobs('nb:jid:UUID:db8c3dfd-d063-431e-83dc-67fc7ec41a28') HTTP/1.1" 301 166
2016-09-23 18:42:52,741 - INFO:Starting new HTTPS connection (1): ams-brso-1-hos-rest-1-1.cloudapp.net
2016-09-23 18:42:58,418 - DEBUG:"GET /api//Jobs('nb:jid:UUID:db8c3dfd-d063-431e-83dc-67fc7ec41a28') HTTP/1.1" 200 1238
2016-09-23 18:43:03,433 - INFO:Starting new HTTPS connection (1): media.windows.net
2016-09-23 18:43:04,570 - DEBUG:"GET /API/Jobs('nb:jid:UUID:db8c3dfd-d063-431e-83dc-67fc7ec41a28') HTTP/1.1" 301 166
2016-09-23 18:43:04,581 - INFO:Starting new HTTPS connection (1): ams-brso-1-hos-rest-1-1.cloudapp.net
2016-09-23 18:43:04,899 - DEBUG:"GET /api//Jobs('nb:jid:UUID:db8c3dfd-d063-431e-83dc-67fc7ec41a28') HTTP/1.1" 200 1238
2016-09-23 18:43:09,917 - INFO:Starting new HTTPS connection (1): media.windows.net
2016-09-23 18:43:10,566 - DEBUG:"GET /API/Jobs('nb:jid:UUID:db8c3dfd-d063-431e-83dc-67fc7ec41a28') HTTP/1.1" 301 166
2016-09-23 18:43:10,572 - INFO:Starting new HTTPS connection (1): ams-brso-1-hos-rest-1-1.cloudapp.net
2016-09-23 18:43:10,892 - DEBUG:"GET /api//Jobs('nb:jid:UUID:db8c3dfd-d063-431e-83dc-67fc7ec41a28') HTTP/1.1" 200 1238
2016-09-23 18:43:15,900 - INFO:Starting new HTTPS connection (1): media.windows.net
2016-09-23 18:43:16,537 - DEBUG:"GET /API/Jobs('nb:jid:UUID:db8c3dfd-d063-431e-83dc-67fc7ec41a28') HTTP/1.1" 301 166
2016-09-23 18:43:16,543 - INFO:Starting new HTTPS connection (1): ams-brso-1-hos-rest-1-1.cloudapp.net
2016-09-23 18:43:17,074 - DEBUG:"GET /api//Jobs('nb:jid:UUID:db8c3dfd-d063-431e-83dc-67fc7ec41a28') HTTP/1.1" 200 1238
2016-09-23 18:43:22,089 - INFO:Starting new HTTPS connection (1): media.windows.net
2016-09-23 18:43:22,770 - DEBUG:"GET /API/Jobs('nb:jid:UUID:db8c3dfd-d063-431e-83dc-67fc7ec41a28') HTTP/1.1" 301 166
2016-09-23 18:43:22,778 - INFO:Starting new HTTPS connection (1): ams-brso-1-hos-rest-1-1.cloudapp.net
2016-09-23 18:43:23,134 - DEBUG:"GET /api//Jobs('nb:jid:UUID:db8c3dfd-d063-431e-83dc-67fc7ec41a28') HTTP/1.1" 200 1238
2016-09-23 18:43:28,143 - INFO:Starting new HTTPS connection (1): media.windows.net
2016-09-23 18:43:28,755 - DEBUG:"GET /API/Jobs('nb:jid:UUID:db8c3dfd-d063-431e-83dc-67fc7ec41a28') HTTP/1.1" 301 166
2016-09-23 18:43:28,769 - INFO:Starting new HTTPS connection (1): ams-brso-1-hos-rest-1-1.cloudapp.net
2016-09-23 18:43:29,131 - DEBUG:"GET /api//Jobs('nb:jid:UUID:db8c3dfd-d063-431e-83dc-67fc7ec41a28') HTTP/1.1" 200 1238
2016-09-23 18:43:34,139 - INFO:Starting new HTTPS connection (1): media.windows.net
2016-09-23 18:43:34,805 - DEBUG:"GET /API/Jobs('nb:jid:UUID:db8c3dfd-d063-431e-83dc-67fc7ec41a28') HTTP/1.1" 301 166
2016-09-23 18:43:34,821 - INFO:Starting new HTTPS connection (1): ams-brso-1-hos-rest-1-1.cloudapp.net
2016-09-23 18:43:35,040 - DEBUG:"GET /api//Jobs('nb:jid:UUID:db8c3dfd-d063-431e-83dc-67fc7ec41a28') HTTP/1.1" 200 1238
2016-09-23 18:43:40,048 - INFO:Starting new HTTPS connection (1): media.windows.net
2016-09-23 18:43:41,261 - DEBUG:"GET /API/Jobs('nb:jid:UUID:db8c3dfd-d063-431e-83dc-67fc7ec41a28') HTTP/1.1" 301 166
2016-09-23 18:43:41,270 - INFO:Starting new HTTPS connection (1): ams-brso-1-hos-rest-1-1.cloudapp.net
2016-09-23 18:43:41,597 - DEBUG:"GET /api//Jobs('nb:jid:UUID:db8c3dfd-d063-431e-83dc-67fc7ec41a28') HTTP/1.1" 200 1238
2016-09-23 18:43:46,608 - INFO:Starting new HTTPS connection (1): media.windows.net
2016-09-23 18:43:53,013 - DEBUG:"GET /API/Jobs('nb:jid:UUID:db8c3dfd-d063-431e-83dc-67fc7ec41a28') HTTP/1.1" 301 166
2016-09-23 18:43:53,024 - INFO:Starting new HTTPS connection (1): ams-brso-1-hos-rest-1-1.cloudapp.net
2016-09-23 18:43:53,559 - DEBUG:"GET /api//Jobs('nb:jid:UUID:db8c3dfd-d063-431e-83dc-67fc7ec41a28') HTTP/1.1" 200 1238
2016-09-23 18:43:58,571 - INFO:Starting new HTTPS connection (1): media.windows.net
2016-09-23 18:43:59,213 - DEBUG:"GET /API/Jobs('nb:jid:UUID:db8c3dfd-d063-431e-83dc-67fc7ec41a28') HTTP/1.1" 301 166
2016-09-23 18:43:59,217 - INFO:Starting new HTTPS connection (1): ams-brso-1-hos-rest-1-1.cloudapp.net
2016-09-23 18:43:59,516 - DEBUG:"GET /api//Jobs('nb:jid:UUID:db8c3dfd-d063-431e-83dc-67fc7ec41a28') HTTP/1.1" 200 1238
2016-09-23 18:44:04,523 - INFO:Starting new HTTPS connection (1): media.windows.net
2016-09-23 18:44:05,864 - DEBUG:"GET /API/Jobs('nb:jid:UUID:db8c3dfd-d063-431e-83dc-67fc7ec41a28') HTTP/1.1" 301 166
2016-09-23 18:44:05,882 - INFO:Starting new HTTPS connection (1): ams-brso-1-hos-rest-1-1.cloudapp.net
2016-09-23 18:44:06,029 - DEBUG:"GET /api//Jobs('nb:jid:UUID:db8c3dfd-d063-431e-83dc-67fc7ec41a28') HTTP/1.1" 200 1238
2016-09-23 18:44:11,044 - INFO:Starting new HTTPS connection (1): media.windows.net
2016-09-23 18:44:11,863 - DEBUG:"GET /API/Jobs('nb:jid:UUID:db8c3dfd-d063-431e-83dc-67fc7ec41a28') HTTP/1.1" 301 166
2016-09-23 18:44:11,877 - INFO:Starting new HTTPS connection (1): ams-brso-1-hos-rest-1-1.cloudapp.net
2016-09-23 18:44:12,053 - DEBUG:"GET /api//Jobs('nb:jid:UUID:db8c3dfd-d063-431e-83dc-67fc7ec41a28') HTTP/1.1" 200 1238
2016-09-23 18:44:17,070 - INFO:Starting new HTTPS connection (1): media.windows.net
2016-09-23 18:44:18,194 - DEBUG:"GET /API/Jobs('nb:jid:UUID:db8c3dfd-d063-431e-83dc-67fc7ec41a28') HTTP/1.1" 301 166
2016-09-23 18:44:18,206 - INFO:Starting new HTTPS connection (1): ams-brso-1-hos-rest-1-1.cloudapp.net
2016-09-23 18:44:18,591 - DEBUG:"GET /api//Jobs('nb:jid:UUID:db8c3dfd-d063-431e-83dc-67fc7ec41a28') HTTP/1.1" 200 1238
2016-09-23 18:44:23,607 - INFO:Starting new HTTPS connection (1): media.windows.net
2016-09-23 18:44:24,509 - DEBUG:"GET /API/Jobs('nb:jid:UUID:db8c3dfd-d063-431e-83dc-67fc7ec41a28') HTTP/1.1" 301 166
2016-09-23 18:44:24,520 - INFO:Starting new HTTPS connection (1): ams-brso-1-hos-rest-1-1.cloudapp.net
2016-09-23 18:44:24,899 - DEBUG:"GET /api//Jobs('nb:jid:UUID:db8c3dfd-d063-431e-83dc-67fc7ec41a28') HTTP/1.1" 200 1238
2016-09-23 18:49:40,143 - INFO:Starting new HTTPS connection (1): media.windows.net
2016-09-23 18:49:41,080 - DEBUG:"GET /API/Jobs('nb:jid:UUID:db8c3dfd-d063-431e-83dc-67fc7ec41a28') HTTP/1.1" 301 166
2016-09-23 18:49:41,084 - INFO:Starting new HTTPS connection (1): ams-brso-1-hos-rest-1-1.cloudapp.net
2016-09-23 18:49:41,767 - DEBUG:"GET /api//Jobs('nb:jid:UUID:db8c3dfd-d063-431e-83dc-67fc7ec41a28') HTTP/1.1" 200 1264
2016-09-23 18:49:46,788 - INFO:Starting new HTTPS connection (1): ams-brso-1-hos-rest-1-1.cloudapp.net
2016-09-23 18:49:47,341 - DEBUG:"GET /api/Jobs('nb%3Ajid%3AUUID%3Adb8c3dfd-d063-431e-83dc-67fc7ec41a28')/OutputMediaAssets HTTP/1.1" 200 2098
2016-09-23 18:49:47,358 - INFO:Starting new HTTPS connection (1): media.windows.net
2016-09-23 18:49:48,184 - DEBUG:"POST /API/AccessPolicies HTTP/1.1" 301 166
2016-09-23 18:49:48,188 - INFO:Starting new HTTPS connection (1): ams-brso-1-hos-rest-1-1.cloudapp.net
2016-09-23 18:49:48,683 - DEBUG:"POST /api//AccessPolicies HTTP/1.1" 201 546
2016-09-23 18:49:48,695 - INFO:Starting new HTTPS connection (1): media.windows.net
2016-09-23 18:49:49,627 - DEBUG:"POST /API/Locators HTTP/1.1" 301 166
2016-09-23 18:49:49,635 - INFO:Starting new HTTPS connection (1): ams-brso-1-hos-rest-1-1.cloudapp.net
2016-09-23 18:49:51,635 - DEBUG:"POST /api//Locators HTTP/1.1" 201 1410
2016-09-23 18:49:51,672 - INFO:Starting new HTTPS connection (1): wow2ams.blob.core.windows.net
2016-09-23 18:49:52,125 - DEBUG:"GET /asset-fe8ae2bd-5600-4cc8-b753-44da9d167594?comp=list&restype=container HTTP/1.1" 200 None
