2016-09-12 15:39:54,454 - INFO:Starting new HTTPS connection (1): wamsprodglobal001acs.accesscontrol.windows.net
2016-09-12 15:39:55,607 - DEBUG:"POST /v2/OAuth2-13 HTTP/1.1" 200 660
2016-09-12 15:39:55,613 - INFO:Starting new HTTPS connection (1): media.windows.net
2016-09-12 15:39:56,220 - DEBUG:"GET /API HTTP/1.1" 301 166
2016-09-12 15:39:56,223 - INFO:Starting new HTTPS connection (1): ams-brso-1-hos-rest-1-1.cloudapp.net
2016-09-12 15:39:56,514 - DEBUG:"GET /api/ HTTP/1.1" 200 456
2016-09-12 15:39:56,522 - INFO:Starting new HTTPS connection (1): media.windows.net
2016-09-12 15:39:57,348 - DEBUG:"POST /API/Assets HTTP/1.1" 301 166
2016-09-12 15:39:57,363 - INFO:Starting new HTTPS connection (1): ams-brso-1-hos-rest-1-1.cloudapp.net
2016-09-12 15:39:58,020 - DEBUG:"POST /api//Assets HTTP/1.1" 201 2068
2016-09-12 15:39:58,039 - INFO:Starting new HTTPS connection (1): media.windows.net
2016-09-12 15:39:58,828 - DEBUG:"POST /API/Files HTTP/1.1" 301 166
2016-09-12 15:39:58,839 - INFO:Starting new HTTPS connection (1): ams-brso-1-hos-rest-1-1.cloudapp.net
2016-09-12 15:40:01,092 - DEBUG:"POST /api//Files HTTP/1.1" 201 762
2016-09-12 15:40:01,113 - INFO:Starting new HTTPS connection (1): media.windows.net
2016-09-12 15:40:01,746 - DEBUG:"POST /API/AccessPolicies HTTP/1.1" 301 166
2016-09-12 15:40:01,757 - INFO:Starting new HTTPS connection (1): ams-brso-1-hos-rest-1-1.cloudapp.net
2016-09-12 15:40:01,954 - DEBUG:"POST /api//AccessPolicies HTTP/1.1" 201 544
2016-09-12 15:40:01,964 - INFO:Starting new HTTPS connection (1): media.windows.net
2016-09-12 15:40:02,582 - DEBUG:"POST /API/Locators HTTP/1.1" 301 166
2016-09-12 15:40:02,593 - INFO:Starting new HTTPS connection (1): ams-brso-1-hos-rest-1-1.cloudapp.net
2016-09-12 15:40:03,440 - DEBUG:"POST /api//Locators HTTP/1.1" 201 1418
2016-09-12 15:40:03,540 - INFO:Starting new HTTPS connection (1): wow2ams.blob.core.windows.net
2016-09-12 15:40:06,080 - DEBUG:"PUT /asset-0c4e398f-0d93-4978-96da-4ae43aa89b26/movie.mp4?sv=2012-02-12&sr=c&si=cde63bf4-2ef7-4cd2-90f8-3c42c4c6ac53&sig=IxDoi5xkzHpaI%2B7KLGUjAM9NTKjW30wG6nva8%2FW7N3A%3D&se=2016-09-12T22%3A59%3A57Z HTTP/1.1" 201 None
2016-09-12 15:40:06,107 - INFO:Starting new HTTPS connection (1): media.windows.net
2016-09-12 15:40:06,900 - DEBUG:"PATCH /API%2FFiles%28%27nb%3Acid%3AUUID%3A83c5f5fa-87a1-4143-b579-9f3b7e1e0894%27%29 HTTP/1.1" 301 166
2016-09-12 15:40:06,907 - INFO:Starting new HTTPS connection (1): ams-brso-1-hos-rest-1-1.cloudapp.net
2016-09-12 15:40:07,288 - DEBUG:"PATCH /api/%2FFiles%28%27nb%3Acid%3AUUID%3A83c5f5fa-87a1-4143-b579-9f3b7e1e0894%27%29 HTTP/1.1" 204 0
2016-09-12 15:40:07,303 - INFO:Starting new HTTPS connection (1): media.windows.net
2016-09-12 15:40:08,005 - DEBUG:"DELETE /API%2FLocators%28%27nb%3Alid%3AUUID%3Acde63bf4-2ef7-4cd2-90f8-3c42c4c6ac53%27%29 HTTP/1.1" 301 166
2016-09-12 15:40:08,009 - INFO:Starting new HTTPS connection (1): ams-brso-1-hos-rest-1-1.cloudapp.net
2016-09-12 15:40:08,342 - DEBUG:"DELETE /api/%2FLocators%28%27nb%3Alid%3AUUID%3Acde63bf4-2ef7-4cd2-90f8-3c42c4c6ac53%27%29 HTTP/1.1" 204 0
2016-09-12 15:40:08,347 - INFO:Starting new HTTPS connection (1): media.windows.net
2016-09-12 15:40:09,001 - DEBUG:"DELETE /API%2FAccessPolicies%28%27nb%3Apid%3AUUID%3Aaae0a259-ade4-4654-a39a-9e4e341148df%27%29 HTTP/1.1" 301 166
2016-09-12 15:40:09,013 - INFO:Starting new HTTPS connection (1): ams-brso-1-hos-rest-1-1.cloudapp.net
2016-09-12 15:40:10,287 - DEBUG:"DELETE /api/%2FAccessPolicies%28%27nb%3Apid%3AUUID%3Aaae0a259-ade4-4654-a39a-9e4e341148df%27%29 HTTP/1.1" 204 0
2016-09-12 15:40:10,294 - INFO:Starting new HTTPS connection (1): media.windows.net
2016-09-12 15:40:10,883 - DEBUG:"GET /API/MediaProcessors HTTP/1.1" 301 166
2016-09-12 15:40:10,888 - INFO:Starting new HTTPS connection (1): ams-brso-1-hos-rest-1-1.cloudapp.net
2016-09-12 15:40:12,607 - DEBUG:"GET /api//MediaProcessors HTTP/1.1" 200 8137
2016-09-12 15:40:12,629 - INFO:Starting new HTTPS connection (1): media.windows.net
2016-09-12 15:40:13,969 - DEBUG:"POST /API/Jobs HTTP/1.1" 301 166
2016-09-12 15:40:13,983 - INFO:Starting new HTTPS connection (1): ams-brso-1-hos-rest-1-1.cloudapp.net
2016-09-12 15:40:16,613 - DEBUG:"POST /api//Jobs HTTP/1.1" 201 1230
2016-09-12 15:40:16,631 - INFO:Starting new HTTPS connection (1): media.windows.net
2016-09-12 15:40:17,245 - DEBUG:"GET /API/Jobs('nb:jid:UUID:c48f0073-652d-4615-9d38-6579f37a9a3b') HTTP/1.1" 301 166
2016-09-12 15:40:17,256 - INFO:Starting new HTTPS connection (1): ams-brso-1-hos-rest-1-1.cloudapp.net
2016-09-12 15:40:17,643 - DEBUG:"GET /api//Jobs('nb:jid:UUID:c48f0073-652d-4615-9d38-6579f37a9a3b') HTTP/1.1" 200 1218
2016-09-12 15:40:22,654 - INFO:Starting new HTTPS connection (1): media.windows.net
2016-09-12 15:40:23,491 - DEBUG:"GET /API/Jobs('nb:jid:UUID:c48f0073-652d-4615-9d38-6579f37a9a3b') HTTP/1.1" 301 166
2016-09-12 15:40:23,502 - INFO:Starting new HTTPS connection (1): ams-brso-1-hos-rest-1-1.cloudapp.net
2016-09-12 15:40:23,690 - DEBUG:"GET /api//Jobs('nb:jid:UUID:c48f0073-652d-4615-9d38-6579f37a9a3b') HTTP/1.1" 200 1218
2016-09-12 15:40:28,708 - INFO:Starting new HTTPS connection (1): media.windows.net
2016-09-12 15:40:29,388 - DEBUG:"GET /API/Jobs('nb:jid:UUID:c48f0073-652d-4615-9d38-6579f37a9a3b') HTTP/1.1" 301 166
2016-09-12 15:40:29,400 - INFO:Starting new HTTPS connection (1): ams-brso-1-hos-rest-1-1.cloudapp.net
2016-09-12 15:40:29,770 - DEBUG:"GET /api//Jobs('nb:jid:UUID:c48f0073-652d-4615-9d38-6579f37a9a3b') HTTP/1.1" 200 1218
2016-09-12 15:40:34,782 - INFO:Starting new HTTPS connection (1): media.windows.net
2016-09-12 15:40:35,540 - DEBUG:"GET /API/Jobs('nb:jid:UUID:c48f0073-652d-4615-9d38-6579f37a9a3b') HTTP/1.1" 301 166
2016-09-12 15:40:35,552 - INFO:Starting new HTTPS connection (1): ams-brso-1-hos-rest-1-1.cloudapp.net
2016-09-12 15:40:35,772 - DEBUG:"GET /api//Jobs('nb:jid:UUID:c48f0073-652d-4615-9d38-6579f37a9a3b') HTTP/1.1" 200 1239
2016-09-12 15:40:40,788 - INFO:Starting new HTTPS connection (1): media.windows.net
2016-09-12 15:40:41,413 - DEBUG:"GET /API/Jobs('nb:jid:UUID:c48f0073-652d-4615-9d38-6579f37a9a3b') HTTP/1.1" 301 166
2016-09-12 15:40:41,425 - INFO:Starting new HTTPS connection (1): ams-brso-1-hos-rest-1-1.cloudapp.net
2016-09-12 15:40:41,855 - DEBUG:"GET /api//Jobs('nb:jid:UUID:c48f0073-652d-4615-9d38-6579f37a9a3b') HTTP/1.1" 200 1239
2016-09-12 15:40:46,865 - INFO:Starting new HTTPS connection (1): media.windows.net
2016-09-12 15:40:47,471 - DEBUG:"GET /API/Jobs('nb:jid:UUID:c48f0073-652d-4615-9d38-6579f37a9a3b') HTTP/1.1" 301 166
2016-09-12 15:40:47,480 - INFO:Starting new HTTPS connection (1): ams-brso-1-hos-rest-1-1.cloudapp.net
2016-09-12 15:40:47,861 - DEBUG:"GET /api//Jobs('nb:jid:UUID:c48f0073-652d-4615-9d38-6579f37a9a3b') HTTP/1.1" 200 1239
2016-09-12 15:40:52,876 - INFO:Starting new HTTPS connection (1): media.windows.net
2016-09-12 15:40:53,484 - DEBUG:"GET /API/Jobs('nb:jid:UUID:c48f0073-652d-4615-9d38-6579f37a9a3b') HTTP/1.1" 301 166
2016-09-12 15:40:53,491 - INFO:Starting new HTTPS connection (1): ams-brso-1-hos-rest-1-1.cloudapp.net
2016-09-12 15:40:53,978 - DEBUG:"GET /api//Jobs('nb:jid:UUID:c48f0073-652d-4615-9d38-6579f37a9a3b') HTTP/1.1" 200 1239
2016-09-12 15:40:58,989 - INFO:Starting new HTTPS connection (1): media.windows.net
2016-09-12 15:40:59,646 - DEBUG:"GET /API/Jobs('nb:jid:UUID:c48f0073-652d-4615-9d38-6579f37a9a3b') HTTP/1.1" 301 166
2016-09-12 15:40:59,657 - INFO:Starting new HTTPS connection (1): ams-brso-1-hos-rest-1-1.cloudapp.net
2016-09-12 15:41:00,037 - DEBUG:"GET /api//Jobs('nb:jid:UUID:c48f0073-652d-4615-9d38-6579f37a9a3b') HTTP/1.1" 200 1239
2016-09-12 15:41:05,048 - INFO:Starting new HTTPS connection (1): media.windows.net
2016-09-12 15:41:06,206 - DEBUG:"GET /API/Jobs('nb:jid:UUID:c48f0073-652d-4615-9d38-6579f37a9a3b') HTTP/1.1" 301 166
2016-09-12 15:41:06,217 - INFO:Starting new HTTPS connection (1): ams-brso-1-hos-rest-1-1.cloudapp.net
2016-09-12 15:41:06,445 - DEBUG:"GET /api//Jobs('nb:jid:UUID:c48f0073-652d-4615-9d38-6579f37a9a3b') HTTP/1.1" 200 1239
2016-09-12 15:41:11,458 - INFO:Starting new HTTPS connection (1): media.windows.net
2016-09-12 15:41:12,079 - DEBUG:"GET /API/Jobs('nb:jid:UUID:c48f0073-652d-4615-9d38-6579f37a9a3b') HTTP/1.1" 301 166
2016-09-12 15:41:12,084 - INFO:Starting new HTTPS connection (1): ams-brso-1-hos-rest-1-1.cloudapp.net
2016-09-12 15:41:12,423 - DEBUG:"GET /api//Jobs('nb:jid:UUID:c48f0073-652d-4615-9d38-6579f37a9a3b') HTTP/1.1" 200 1239
2016-09-12 15:41:17,433 - INFO:Starting new HTTPS connection (1): media.windows.net
2016-09-12 15:41:18,114 - DEBUG:"GET /API/Jobs('nb:jid:UUID:c48f0073-652d-4615-9d38-6579f37a9a3b') HTTP/1.1" 301 166
2016-09-12 15:41:18,125 - INFO:Starting new HTTPS connection (1): ams-brso-1-hos-rest-1-1.cloudapp.net
2016-09-12 15:41:18,493 - DEBUG:"GET /api//Jobs('nb:jid:UUID:c48f0073-652d-4615-9d38-6579f37a9a3b') HTTP/1.1" 200 1239
2016-09-12 15:41:23,510 - INFO:Starting new HTTPS connection (1): media.windows.net
2016-09-12 15:41:24,283 - DEBUG:"GET /API/Jobs('nb:jid:UUID:c48f0073-652d-4615-9d38-6579f37a9a3b') HTTP/1.1" 301 166
2016-09-12 15:41:24,296 - INFO:Starting new HTTPS connection (1): ams-brso-1-hos-rest-1-1.cloudapp.net
2016-09-12 15:41:24,680 - DEBUG:"GET /api//Jobs('nb:jid:UUID:c48f0073-652d-4615-9d38-6579f37a9a3b') HTTP/1.1" 200 1239
2016-09-12 15:41:29,697 - INFO:Starting new HTTPS connection (1): media.windows.net
2016-09-12 15:41:30,392 - DEBUG:"GET /API/Jobs('nb:jid:UUID:c48f0073-652d-4615-9d38-6579f37a9a3b') HTTP/1.1" 301 166
2016-09-12 15:41:30,400 - INFO:Starting new HTTPS connection (1): ams-brso-1-hos-rest-1-1.cloudapp.net
2016-09-12 15:41:30,737 - DEBUG:"GET /api//Jobs('nb:jid:UUID:c48f0073-652d-4615-9d38-6579f37a9a3b') HTTP/1.1" 200 1239
2016-09-12 15:41:35,748 - INFO:Starting new HTTPS connection (1): media.windows.net
2016-09-12 15:41:36,418 - DEBUG:"GET /API/Jobs('nb:jid:UUID:c48f0073-652d-4615-9d38-6579f37a9a3b') HTTP/1.1" 301 166
2016-09-12 15:41:36,429 - INFO:Starting new HTTPS connection (1): ams-brso-1-hos-rest-1-1.cloudapp.net
2016-09-12 15:41:37,097 - DEBUG:"GET /api//Jobs('nb:jid:UUID:c48f0073-652d-4615-9d38-6579f37a9a3b') HTTP/1.1" 200 1239
2016-09-12 15:41:42,113 - INFO:Starting new HTTPS connection (1): media.windows.net
2016-09-12 15:41:42,765 - DEBUG:"GET /API/Jobs('nb:jid:UUID:c48f0073-652d-4615-9d38-6579f37a9a3b') HTTP/1.1" 301 166
2016-09-12 15:41:42,777 - INFO:Starting new HTTPS connection (1): ams-brso-1-hos-rest-1-1.cloudapp.net
2016-09-12 15:41:43,165 - DEBUG:"GET /api//Jobs('nb:jid:UUID:c48f0073-652d-4615-9d38-6579f37a9a3b') HTTP/1.1" 200 1239
2016-09-12 15:41:48,180 - INFO:Starting new HTTPS connection (1): media.windows.net
2016-09-12 15:41:48,848 - DEBUG:"GET /API/Jobs('nb:jid:UUID:c48f0073-652d-4615-9d38-6579f37a9a3b') HTTP/1.1" 301 166
2016-09-12 15:41:48,857 - INFO:Starting new HTTPS connection (1): ams-brso-1-hos-rest-1-1.cloudapp.net
2016-09-12 15:41:49,106 - DEBUG:"GET /api//Jobs('nb:jid:UUID:c48f0073-652d-4615-9d38-6579f37a9a3b') HTTP/1.1" 200 1239
2016-09-12 15:41:54,122 - INFO:Starting new HTTPS connection (1): media.windows.net
2016-09-12 15:41:54,755 - DEBUG:"GET /API/Jobs('nb:jid:UUID:c48f0073-652d-4615-9d38-6579f37a9a3b') HTTP/1.1" 301 166
2016-09-12 15:41:54,766 - INFO:Starting new HTTPS connection (1): ams-brso-1-hos-rest-1-1.cloudapp.net
2016-09-12 15:41:55,148 - DEBUG:"GET /api//Jobs('nb:jid:UUID:c48f0073-652d-4615-9d38-6579f37a9a3b') HTTP/1.1" 200 1239
2016-09-12 15:42:00,165 - INFO:Starting new HTTPS connection (1): media.windows.net
2016-09-12 15:42:00,789 - DEBUG:"GET /API/Jobs('nb:jid:UUID:c48f0073-652d-4615-9d38-6579f37a9a3b') HTTP/1.1" 301 166
2016-09-12 15:42:00,794 - INFO:Starting new HTTPS connection (1): ams-brso-1-hos-rest-1-1.cloudapp.net
2016-09-12 15:42:01,116 - DEBUG:"GET /api//Jobs('nb:jid:UUID:c48f0073-652d-4615-9d38-6579f37a9a3b') HTTP/1.1" 200 1239
2016-09-12 15:42:06,133 - INFO:Starting new HTTPS connection (1): media.windows.net
2016-09-12 15:42:06,795 - DEBUG:"GET /API/Jobs('nb:jid:UUID:c48f0073-652d-4615-9d38-6579f37a9a3b') HTTP/1.1" 301 166
2016-09-12 15:42:06,808 - INFO:Starting new HTTPS connection (1): ams-brso-1-hos-rest-1-1.cloudapp.net
2016-09-12 15:42:07,024 - DEBUG:"GET /api//Jobs('nb:jid:UUID:c48f0073-652d-4615-9d38-6579f37a9a3b') HTTP/1.1" 200 1239
2016-09-12 15:42:12,040 - INFO:Starting new HTTPS connection (1): media.windows.net
2016-09-12 15:42:12,680 - DEBUG:"GET /API/Jobs('nb:jid:UUID:c48f0073-652d-4615-9d38-6579f37a9a3b') HTTP/1.1" 301 166
2016-09-12 15:42:12,692 - INFO:Starting new HTTPS connection (1): ams-brso-1-hos-rest-1-1.cloudapp.net
2016-09-12 15:42:13,082 - DEBUG:"GET /api//Jobs('nb:jid:UUID:c48f0073-652d-4615-9d38-6579f37a9a3b') HTTP/1.1" 200 1239
2016-09-12 15:42:18,096 - INFO:Starting new HTTPS connection (1): media.windows.net
2016-09-12 15:42:19,757 - DEBUG:"GET /API/Jobs('nb:jid:UUID:c48f0073-652d-4615-9d38-6579f37a9a3b') HTTP/1.1" 301 166
2016-09-12 15:42:19,769 - INFO:Starting new HTTPS connection (1): ams-brso-1-hos-rest-1-1.cloudapp.net
2016-09-12 15:42:19,950 - DEBUG:"GET /api//Jobs('nb:jid:UUID:c48f0073-652d-4615-9d38-6579f37a9a3b') HTTP/1.1" 200 1239
2016-09-12 15:42:24,967 - INFO:Starting new HTTPS connection (1): media.windows.net
2016-09-12 15:42:25,648 - DEBUG:"GET /API/Jobs('nb:jid:UUID:c48f0073-652d-4615-9d38-6579f37a9a3b') HTTP/1.1" 301 166
2016-09-12 15:42:25,660 - INFO:Starting new HTTPS connection (1): ams-brso-1-hos-rest-1-1.cloudapp.net
2016-09-12 15:42:25,870 - DEBUG:"GET /api//Jobs('nb:jid:UUID:c48f0073-652d-4615-9d38-6579f37a9a3b') HTTP/1.1" 200 1239
2016-09-12 15:42:30,883 - INFO:Starting new HTTPS connection (1): media.windows.net
2016-09-12 15:42:31,540 - DEBUG:"GET /API/Jobs('nb:jid:UUID:c48f0073-652d-4615-9d38-6579f37a9a3b') HTTP/1.1" 301 166
2016-09-12 15:42:31,553 - INFO:Starting new HTTPS connection (1): ams-brso-1-hos-rest-1-1.cloudapp.net
2016-09-12 15:42:31,912 - DEBUG:"GET /api//Jobs('nb:jid:UUID:c48f0073-652d-4615-9d38-6579f37a9a3b') HTTP/1.1" 200 1239
2016-09-12 15:42:36,931 - INFO:Starting new HTTPS connection (1): media.windows.net
2016-09-12 15:42:37,726 - DEBUG:"GET /API/Jobs('nb:jid:UUID:c48f0073-652d-4615-9d38-6579f37a9a3b') HTTP/1.1" 301 166
2016-09-12 15:42:37,738 - INFO:Starting new HTTPS connection (1): ams-brso-1-hos-rest-1-1.cloudapp.net
2016-09-12 15:42:38,087 - DEBUG:"GET /api//Jobs('nb:jid:UUID:c48f0073-652d-4615-9d38-6579f37a9a3b') HTTP/1.1" 200 1239
2016-09-12 15:42:43,100 - INFO:Starting new HTTPS connection (1): media.windows.net
2016-09-12 15:42:43,745 - DEBUG:"GET /API/Jobs('nb:jid:UUID:c48f0073-652d-4615-9d38-6579f37a9a3b') HTTP/1.1" 301 166
2016-09-12 15:42:43,752 - INFO:Starting new HTTPS connection (1): ams-brso-1-hos-rest-1-1.cloudapp.net
2016-09-12 15:42:44,085 - DEBUG:"GET /api//Jobs('nb:jid:UUID:c48f0073-652d-4615-9d38-6579f37a9a3b') HTTP/1.1" 200 1239
2016-09-12 15:42:49,100 - INFO:Starting new HTTPS connection (1): media.windows.net
2016-09-12 15:42:49,714 - DEBUG:"GET /API/Jobs('nb:jid:UUID:c48f0073-652d-4615-9d38-6579f37a9a3b') HTTP/1.1" 301 166
2016-09-12 15:42:49,720 - INFO:Starting new HTTPS connection (1): ams-brso-1-hos-rest-1-1.cloudapp.net
2016-09-12 15:42:50,061 - DEBUG:"GET /api//Jobs('nb:jid:UUID:c48f0073-652d-4615-9d38-6579f37a9a3b') HTTP/1.1" 200 1239
2016-09-12 15:42:55,069 - INFO:Starting new HTTPS connection (1): media.windows.net
2016-09-12 15:42:55,714 - DEBUG:"GET /API/Jobs('nb:jid:UUID:c48f0073-652d-4615-9d38-6579f37a9a3b') HTTP/1.1" 301 166
2016-09-12 15:42:55,730 - INFO:Starting new HTTPS connection (1): ams-brso-1-hos-rest-1-1.cloudapp.net
2016-09-12 15:42:56,086 - DEBUG:"GET /api//Jobs('nb:jid:UUID:c48f0073-652d-4615-9d38-6579f37a9a3b') HTTP/1.1" 200 1239
2016-09-12 15:43:01,103 - INFO:Starting new HTTPS connection (1): media.windows.net
2016-09-12 15:43:02,339 - DEBUG:"GET /API/Jobs('nb:jid:UUID:c48f0073-652d-4615-9d38-6579f37a9a3b') HTTP/1.1" 301 166
2016-09-12 15:43:02,351 - INFO:Starting new HTTPS connection (1): ams-brso-1-hos-rest-1-1.cloudapp.net
2016-09-12 15:43:02,717 - DEBUG:"GET /api//Jobs('nb:jid:UUID:c48f0073-652d-4615-9d38-6579f37a9a3b') HTTP/1.1" 200 1239
2016-09-12 15:43:07,733 - INFO:Starting new HTTPS connection (1): media.windows.net
2016-09-12 15:43:08,391 - DEBUG:"GET /API/Jobs('nb:jid:UUID:c48f0073-652d-4615-9d38-6579f37a9a3b') HTTP/1.1" 301 166
2016-09-12 15:43:08,396 - INFO:Starting new HTTPS connection (1): ams-brso-1-hos-rest-1-1.cloudapp.net
2016-09-12 15:43:08,769 - DEBUG:"GET /api//Jobs('nb:jid:UUID:c48f0073-652d-4615-9d38-6579f37a9a3b') HTTP/1.1" 200 1239
2016-09-12 15:43:13,778 - INFO:Starting new HTTPS connection (1): media.windows.net
2016-09-12 15:43:14,560 - DEBUG:"GET /API/Jobs('nb:jid:UUID:c48f0073-652d-4615-9d38-6579f37a9a3b') HTTP/1.1" 301 166
2016-09-12 15:43:14,572 - INFO:Starting new HTTPS connection (1): ams-brso-1-hos-rest-1-1.cloudapp.net
2016-09-12 15:43:14,971 - DEBUG:"GET /api//Jobs('nb:jid:UUID:c48f0073-652d-4615-9d38-6579f37a9a3b') HTTP/1.1" 200 1239
2016-09-12 15:43:19,988 - INFO:Starting new HTTPS connection (1): media.windows.net
2016-09-12 15:43:20,658 - DEBUG:"GET /API/Jobs('nb:jid:UUID:c48f0073-652d-4615-9d38-6579f37a9a3b') HTTP/1.1" 301 166
2016-09-12 15:43:20,670 - INFO:Starting new HTTPS connection (1): ams-brso-1-hos-rest-1-1.cloudapp.net
2016-09-12 15:43:21,027 - DEBUG:"GET /api//Jobs('nb:jid:UUID:c48f0073-652d-4615-9d38-6579f37a9a3b') HTTP/1.1" 200 1239
2016-09-12 15:43:26,041 - INFO:Starting new HTTPS connection (1): media.windows.net
2016-09-12 15:43:27,284 - DEBUG:"GET /API/Jobs('nb:jid:UUID:c48f0073-652d-4615-9d38-6579f37a9a3b') HTTP/1.1" 301 166
2016-09-12 15:43:27,296 - INFO:Starting new HTTPS connection (1): ams-brso-1-hos-rest-1-1.cloudapp.net
2016-09-12 15:43:27,546 - DEBUG:"GET /api//Jobs('nb:jid:UUID:c48f0073-652d-4615-9d38-6579f37a9a3b') HTTP/1.1" 200 1239
2016-09-12 15:43:32,560 - INFO:Starting new HTTPS connection (1): media.windows.net
2016-09-12 15:43:33,288 - DEBUG:"GET /API/Jobs('nb:jid:UUID:c48f0073-652d-4615-9d38-6579f37a9a3b') HTTP/1.1" 301 166
2016-09-12 15:43:33,300 - INFO:Starting new HTTPS connection (1): ams-brso-1-hos-rest-1-1.cloudapp.net
2016-09-12 15:43:33,666 - DEBUG:"GET /api//Jobs('nb:jid:UUID:c48f0073-652d-4615-9d38-6579f37a9a3b') HTTP/1.1" 200 1239
2016-09-12 15:43:38,682 - INFO:Starting new HTTPS connection (1): media.windows.net
2016-09-12 15:43:39,355 - DEBUG:"GET /API/Jobs('nb:jid:UUID:c48f0073-652d-4615-9d38-6579f37a9a3b') HTTP/1.1" 301 166
2016-09-12 15:43:39,367 - INFO:Starting new HTTPS connection (1): ams-brso-1-hos-rest-1-1.cloudapp.net
2016-09-12 15:43:39,754 - DEBUG:"GET /api//Jobs('nb:jid:UUID:c48f0073-652d-4615-9d38-6579f37a9a3b') HTTP/1.1" 200 1239
2016-09-12 15:43:44,770 - INFO:Starting new HTTPS connection (1): media.windows.net
2016-09-12 15:43:45,553 - DEBUG:"GET /API/Jobs('nb:jid:UUID:c48f0073-652d-4615-9d38-6579f37a9a3b') HTTP/1.1" 301 166
2016-09-12 15:43:45,565 - INFO:Starting new HTTPS connection (1): ams-brso-1-hos-rest-1-1.cloudapp.net
2016-09-12 15:43:45,954 - DEBUG:"GET /api//Jobs('nb:jid:UUID:c48f0073-652d-4615-9d38-6579f37a9a3b') HTTP/1.1" 200 1239
2016-09-12 15:43:50,967 - INFO:Starting new HTTPS connection (1): media.windows.net
2016-09-12 15:43:51,725 - DEBUG:"GET /API/Jobs('nb:jid:UUID:c48f0073-652d-4615-9d38-6579f37a9a3b') HTTP/1.1" 301 166
2016-09-12 15:43:51,730 - INFO:Starting new HTTPS connection (1): ams-brso-1-hos-rest-1-1.cloudapp.net
2016-09-12 15:43:52,057 - DEBUG:"GET /api//Jobs('nb:jid:UUID:c48f0073-652d-4615-9d38-6579f37a9a3b') HTTP/1.1" 200 1239
2016-09-12 15:43:57,065 - INFO:Starting new HTTPS connection (1): media.windows.net
2016-09-12 15:43:57,708 - DEBUG:"GET /API/Jobs('nb:jid:UUID:c48f0073-652d-4615-9d38-6579f37a9a3b') HTTP/1.1" 301 166
2016-09-12 15:43:57,719 - INFO:Starting new HTTPS connection (1): ams-brso-1-hos-rest-1-1.cloudapp.net
2016-09-12 15:43:58,420 - DEBUG:"GET /api//Jobs('nb:jid:UUID:c48f0073-652d-4615-9d38-6579f37a9a3b') HTTP/1.1" 200 1239
2016-09-12 15:44:03,437 - INFO:Starting new HTTPS connection (1): media.windows.net
2016-09-12 15:44:04,079 - DEBUG:"GET /API/Jobs('nb:jid:UUID:c48f0073-652d-4615-9d38-6579f37a9a3b') HTTP/1.1" 301 166
2016-09-12 15:44:04,091 - INFO:Starting new HTTPS connection (1): ams-brso-1-hos-rest-1-1.cloudapp.net
2016-09-12 15:44:04,482 - DEBUG:"GET /api//Jobs('nb:jid:UUID:c48f0073-652d-4615-9d38-6579f37a9a3b') HTTP/1.1" 200 1239
2016-09-12 15:44:09,498 - INFO:Starting new HTTPS connection (1): media.windows.net
2016-09-12 15:44:10,227 - DEBUG:"GET /API/Jobs('nb:jid:UUID:c48f0073-652d-4615-9d38-6579f37a9a3b') HTTP/1.1" 301 166
2016-09-12 15:44:10,240 - INFO:Starting new HTTPS connection (1): ams-brso-1-hos-rest-1-1.cloudapp.net
2016-09-12 15:44:10,837 - DEBUG:"GET /api//Jobs('nb:jid:UUID:c48f0073-652d-4615-9d38-6579f37a9a3b') HTTP/1.1" 200 1239
2016-09-12 15:44:15,849 - INFO:Starting new HTTPS connection (1): media.windows.net
2016-09-12 15:44:16,467 - DEBUG:"GET /API/Jobs('nb:jid:UUID:c48f0073-652d-4615-9d38-6579f37a9a3b') HTTP/1.1" 301 166
2016-09-12 15:44:16,479 - INFO:Starting new HTTPS connection (1): ams-brso-1-hos-rest-1-1.cloudapp.net
2016-09-12 15:44:16,820 - DEBUG:"GET /api//Jobs('nb:jid:UUID:c48f0073-652d-4615-9d38-6579f37a9a3b') HTTP/1.1" 200 1239
2016-09-12 15:44:21,836 - INFO:Starting new HTTPS connection (1): media.windows.net
2016-09-12 15:44:22,471 - DEBUG:"GET /API/Jobs('nb:jid:UUID:c48f0073-652d-4615-9d38-6579f37a9a3b') HTTP/1.1" 301 166
2016-09-12 15:44:22,482 - INFO:Starting new HTTPS connection (1): ams-brso-1-hos-rest-1-1.cloudapp.net
2016-09-12 15:44:22,851 - DEBUG:"GET /api//Jobs('nb:jid:UUID:c48f0073-652d-4615-9d38-6579f37a9a3b') HTTP/1.1" 200 1239
2016-09-12 15:44:27,865 - INFO:Starting new HTTPS connection (1): media.windows.net
2016-09-12 15:44:28,594 - DEBUG:"GET /API/Jobs('nb:jid:UUID:c48f0073-652d-4615-9d38-6579f37a9a3b') HTTP/1.1" 301 166
2016-09-12 15:44:28,606 - INFO:Starting new HTTPS connection (1): ams-brso-1-hos-rest-1-1.cloudapp.net
2016-09-12 15:44:28,983 - DEBUG:"GET /api//Jobs('nb:jid:UUID:c48f0073-652d-4615-9d38-6579f37a9a3b') HTTP/1.1" 200 1239
2016-09-12 15:44:33,996 - INFO:Starting new HTTPS connection (1): media.windows.net
2016-09-12 15:44:35,340 - DEBUG:"GET /API/Jobs('nb:jid:UUID:c48f0073-652d-4615-9d38-6579f37a9a3b') HTTP/1.1" 301 166
2016-09-12 15:44:35,348 - INFO:Starting new HTTPS connection (1): ams-brso-1-hos-rest-1-1.cloudapp.net
2016-09-12 15:44:35,699 - DEBUG:"GET /api//Jobs('nb:jid:UUID:c48f0073-652d-4615-9d38-6579f37a9a3b') HTTP/1.1" 200 1239
2016-09-12 15:44:40,709 - INFO:Starting new HTTPS connection (1): media.windows.net
2016-09-12 15:44:41,348 - DEBUG:"GET /API/Jobs('nb:jid:UUID:c48f0073-652d-4615-9d38-6579f37a9a3b') HTTP/1.1" 301 166
2016-09-12 15:44:41,352 - INFO:Starting new HTTPS connection (1): ams-brso-1-hos-rest-1-1.cloudapp.net
2016-09-12 15:44:42,398 - DEBUG:"GET /api//Jobs('nb:jid:UUID:c48f0073-652d-4615-9d38-6579f37a9a3b') HTTP/1.1" 200 1239
2016-09-12 15:44:47,417 - INFO:Starting new HTTPS connection (1): media.windows.net
2016-09-12 15:44:48,057 - DEBUG:"GET /API/Jobs('nb:jid:UUID:c48f0073-652d-4615-9d38-6579f37a9a3b') HTTP/1.1" 301 166
2016-09-12 15:44:48,069 - INFO:Starting new HTTPS connection (1): ams-brso-1-hos-rest-1-1.cloudapp.net
2016-09-12 15:44:48,462 - DEBUG:"GET /api//Jobs('nb:jid:UUID:c48f0073-652d-4615-9d38-6579f37a9a3b') HTTP/1.1" 200 1239
2016-09-12 15:44:53,474 - INFO:Starting new HTTPS connection (1): media.windows.net
2016-09-12 15:44:54,157 - DEBUG:"GET /API/Jobs('nb:jid:UUID:c48f0073-652d-4615-9d38-6579f37a9a3b') HTTP/1.1" 301 166
2016-09-12 15:44:54,169 - INFO:Starting new HTTPS connection (1): ams-brso-1-hos-rest-1-1.cloudapp.net
2016-09-12 15:44:54,887 - DEBUG:"GET /api//Jobs('nb:jid:UUID:c48f0073-652d-4615-9d38-6579f37a9a3b') HTTP/1.1" 200 1239
2016-09-12 15:44:59,903 - INFO:Starting new HTTPS connection (1): media.windows.net
2016-09-12 15:45:00,542 - DEBUG:"GET /API/Jobs('nb:jid:UUID:c48f0073-652d-4615-9d38-6579f37a9a3b') HTTP/1.1" 301 166
2016-09-12 15:45:00,553 - INFO:Starting new HTTPS connection (1): ams-brso-1-hos-rest-1-1.cloudapp.net
2016-09-12 15:45:00,921 - DEBUG:"GET /api//Jobs('nb:jid:UUID:c48f0073-652d-4615-9d38-6579f37a9a3b') HTTP/1.1" 200 1239
2016-09-12 15:45:05,937 - INFO:Starting new HTTPS connection (1): media.windows.net
2016-09-12 15:45:06,613 - DEBUG:"GET /API/Jobs('nb:jid:UUID:c48f0073-652d-4615-9d38-6579f37a9a3b') HTTP/1.1" 301 166
2016-09-12 15:45:06,625 - INFO:Starting new HTTPS connection (1): ams-brso-1-hos-rest-1-1.cloudapp.net
2016-09-12 15:45:11,974 - DEBUG:"GET /api//Jobs('nb:jid:UUID:c48f0073-652d-4615-9d38-6579f37a9a3b') HTTP/1.1" 200 1239
2016-09-12 15:45:16,985 - INFO:Starting new HTTPS connection (1): media.windows.net
2016-09-12 15:45:17,793 - DEBUG:"GET /API/Jobs('nb:jid:UUID:c48f0073-652d-4615-9d38-6579f37a9a3b') HTTP/1.1" 301 166
2016-09-12 15:45:17,805 - INFO:Starting new HTTPS connection (1): ams-brso-1-hos-rest-1-1.cloudapp.net
2016-09-12 15:45:18,161 - DEBUG:"GET /api//Jobs('nb:jid:UUID:c48f0073-652d-4615-9d38-6579f37a9a3b') HTTP/1.1" 200 1239
2016-09-12 15:45:23,178 - INFO:Starting new HTTPS connection (1): media.windows.net
2016-09-12 15:45:23,806 - DEBUG:"GET /API/Jobs('nb:jid:UUID:c48f0073-652d-4615-9d38-6579f37a9a3b') HTTP/1.1" 301 166
2016-09-12 15:45:23,818 - INFO:Starting new HTTPS connection (1): ams-brso-1-hos-rest-1-1.cloudapp.net
2016-09-12 15:45:24,208 - DEBUG:"GET /api//Jobs('nb:jid:UUID:c48f0073-652d-4615-9d38-6579f37a9a3b') HTTP/1.1" 200 1239
2016-09-12 15:45:29,217 - INFO:Starting new HTTPS connection (1): media.windows.net
2016-09-12 15:45:29,909 - DEBUG:"GET /API/Jobs('nb:jid:UUID:c48f0073-652d-4615-9d38-6579f37a9a3b') HTTP/1.1" 301 166
2016-09-12 15:45:29,920 - INFO:Starting new HTTPS connection (1): ams-brso-1-hos-rest-1-1.cloudapp.net
2016-09-12 15:45:30,316 - DEBUG:"GET /api//Jobs('nb:jid:UUID:c48f0073-652d-4615-9d38-6579f37a9a3b') HTTP/1.1" 200 1239
2016-09-12 15:45:35,333 - INFO:Starting new HTTPS connection (1): media.windows.net
2016-09-12 15:45:35,998 - DEBUG:"GET /API/Jobs('nb:jid:UUID:c48f0073-652d-4615-9d38-6579f37a9a3b') HTTP/1.1" 301 166
2016-09-12 15:45:36,009 - INFO:Starting new HTTPS connection (1): ams-brso-1-hos-rest-1-1.cloudapp.net
2016-09-12 15:45:36,205 - DEBUG:"GET /api//Jobs('nb:jid:UUID:c48f0073-652d-4615-9d38-6579f37a9a3b') HTTP/1.1" 200 1239
2016-09-12 15:45:41,221 - INFO:Starting new HTTPS connection (1): media.windows.net
2016-09-12 15:45:42,021 - DEBUG:"GET /API/Jobs('nb:jid:UUID:c48f0073-652d-4615-9d38-6579f37a9a3b') HTTP/1.1" 301 166
2016-09-12 15:45:42,032 - INFO:Starting new HTTPS connection (1): ams-brso-1-hos-rest-1-1.cloudapp.net
2016-09-12 15:45:42,578 - DEBUG:"GET /api//Jobs('nb:jid:UUID:c48f0073-652d-4615-9d38-6579f37a9a3b') HTTP/1.1" 200 1239
2016-09-12 15:45:47,595 - INFO:Starting new HTTPS connection (1): media.windows.net
2016-09-12 15:45:48,238 - DEBUG:"GET /API/Jobs('nb:jid:UUID:c48f0073-652d-4615-9d38-6579f37a9a3b') HTTP/1.1" 301 166
2016-09-12 15:45:48,249 - INFO:Starting new HTTPS connection (1): ams-brso-1-hos-rest-1-1.cloudapp.net
2016-09-12 15:45:48,468 - DEBUG:"GET /api//Jobs('nb:jid:UUID:c48f0073-652d-4615-9d38-6579f37a9a3b') HTTP/1.1" 200 1239
2016-09-12 15:45:53,482 - INFO:Starting new HTTPS connection (1): media.windows.net
2016-09-12 15:45:54,084 - DEBUG:"GET /API/Jobs('nb:jid:UUID:c48f0073-652d-4615-9d38-6579f37a9a3b') HTTP/1.1" 301 166
2016-09-12 15:45:54,098 - INFO:Starting new HTTPS connection (1): ams-brso-1-hos-rest-1-1.cloudapp.net
2016-09-12 15:45:54,807 - DEBUG:"GET /api//Jobs('nb:jid:UUID:c48f0073-652d-4615-9d38-6579f37a9a3b') HTTP/1.1" 200 1239
2016-09-12 15:45:59,815 - INFO:Starting new HTTPS connection (1): media.windows.net
2016-09-12 15:46:00,416 - DEBUG:"GET /API/Jobs('nb:jid:UUID:c48f0073-652d-4615-9d38-6579f37a9a3b') HTTP/1.1" 301 166
2016-09-12 15:46:00,428 - INFO:Starting new HTTPS connection (1): ams-brso-1-hos-rest-1-1.cloudapp.net
2016-09-12 15:46:00,950 - DEBUG:"GET /api//Jobs('nb:jid:UUID:c48f0073-652d-4615-9d38-6579f37a9a3b') HTTP/1.1" 200 1239
2016-09-12 15:46:05,963 - INFO:Starting new HTTPS connection (1): media.windows.net
2016-09-12 15:46:06,757 - DEBUG:"GET /API/Jobs('nb:jid:UUID:c48f0073-652d-4615-9d38-6579f37a9a3b') HTTP/1.1" 301 166
2016-09-12 15:46:06,769 - INFO:Starting new HTTPS connection (1): ams-brso-1-hos-rest-1-1.cloudapp.net
2016-09-12 15:46:07,576 - DEBUG:"GET /api//Jobs('nb:jid:UUID:c48f0073-652d-4615-9d38-6579f37a9a3b') HTTP/1.1" 200 1239
2016-09-12 15:46:12,590 - INFO:Starting new HTTPS connection (1): media.windows.net
2016-09-12 15:46:13,189 - DEBUG:"GET /API/Jobs('nb:jid:UUID:c48f0073-652d-4615-9d38-6579f37a9a3b') HTTP/1.1" 301 166
2016-09-12 15:46:13,196 - INFO:Starting new HTTPS connection (1): ams-brso-1-hos-rest-1-1.cloudapp.net
2016-09-12 15:46:14,011 - DEBUG:"GET /api//Jobs('nb:jid:UUID:c48f0073-652d-4615-9d38-6579f37a9a3b') HTTP/1.1" 200 1239
2016-09-12 15:46:19,029 - INFO:Starting new HTTPS connection (1): media.windows.net
2016-09-12 15:46:19,797 - DEBUG:"GET /API/Jobs('nb:jid:UUID:c48f0073-652d-4615-9d38-6579f37a9a3b') HTTP/1.1" 301 166
2016-09-12 15:46:19,808 - INFO:Starting new HTTPS connection (1): ams-brso-1-hos-rest-1-1.cloudapp.net
2016-09-12 15:46:20,165 - DEBUG:"GET /api//Jobs('nb:jid:UUID:c48f0073-652d-4615-9d38-6579f37a9a3b') HTTP/1.1" 200 1239
2016-09-12 15:46:25,182 - INFO:Starting new HTTPS connection (1): media.windows.net
2016-09-12 15:46:25,949 - DEBUG:"GET /API/Jobs('nb:jid:UUID:c48f0073-652d-4615-9d38-6579f37a9a3b') HTTP/1.1" 301 166
2016-09-12 15:46:25,961 - INFO:Starting new HTTPS connection (1): ams-brso-1-hos-rest-1-1.cloudapp.net
2016-09-12 15:46:26,497 - DEBUG:"GET /api//Jobs('nb:jid:UUID:c48f0073-652d-4615-9d38-6579f37a9a3b') HTTP/1.1" 200 1239
2016-09-12 15:46:31,513 - INFO:Starting new HTTPS connection (1): media.windows.net
2016-09-12 15:46:32,198 - DEBUG:"GET /API/Jobs('nb:jid:UUID:c48f0073-652d-4615-9d38-6579f37a9a3b') HTTP/1.1" 301 166
2016-09-12 15:46:32,205 - INFO:Starting new HTTPS connection (1): ams-brso-1-hos-rest-1-1.cloudapp.net
2016-09-12 15:46:32,709 - DEBUG:"GET /api//Jobs('nb:jid:UUID:c48f0073-652d-4615-9d38-6579f37a9a3b') HTTP/1.1" 200 1239
2016-09-12 15:46:37,719 - INFO:Starting new HTTPS connection (1): media.windows.net
2016-09-12 15:46:38,588 - DEBUG:"GET /API/Jobs('nb:jid:UUID:c48f0073-652d-4615-9d38-6579f37a9a3b') HTTP/1.1" 301 166
2016-09-12 15:46:38,600 - INFO:Starting new HTTPS connection (1): ams-brso-1-hos-rest-1-1.cloudapp.net
2016-09-12 15:46:38,991 - DEBUG:"GET /api//Jobs('nb:jid:UUID:c48f0073-652d-4615-9d38-6579f37a9a3b') HTTP/1.1" 200 1239
2016-09-12 15:46:44,008 - INFO:Starting new HTTPS connection (1): media.windows.net
2016-09-12 15:46:44,645 - DEBUG:"GET /API/Jobs('nb:jid:UUID:c48f0073-652d-4615-9d38-6579f37a9a3b') HTTP/1.1" 301 166
2016-09-12 15:46:44,659 - INFO:Starting new HTTPS connection (1): ams-brso-1-hos-rest-1-1.cloudapp.net
2016-09-12 15:46:44,883 - DEBUG:"GET /api//Jobs('nb:jid:UUID:c48f0073-652d-4615-9d38-6579f37a9a3b') HTTP/1.1" 200 1239
2016-09-12 15:46:49,899 - INFO:Starting new HTTPS connection (1): media.windows.net
2016-09-12 15:46:50,530 - DEBUG:"GET /API/Jobs('nb:jid:UUID:c48f0073-652d-4615-9d38-6579f37a9a3b') HTTP/1.1" 301 166
2016-09-12 15:46:50,541 - INFO:Starting new HTTPS connection (1): ams-brso-1-hos-rest-1-1.cloudapp.net
2016-09-12 15:46:51,036 - DEBUG:"GET /api//Jobs('nb:jid:UUID:c48f0073-652d-4615-9d38-6579f37a9a3b') HTTP/1.1" 200 1239
2016-09-12 15:46:56,046 - INFO:Starting new HTTPS connection (1): media.windows.net
2016-09-12 15:46:56,717 - DEBUG:"GET /API/Jobs('nb:jid:UUID:c48f0073-652d-4615-9d38-6579f37a9a3b') HTTP/1.1" 301 166
2016-09-12 15:46:56,728 - INFO:Starting new HTTPS connection (1): ams-brso-1-hos-rest-1-1.cloudapp.net
2016-09-12 15:46:57,112 - DEBUG:"GET /api//Jobs('nb:jid:UUID:c48f0073-652d-4615-9d38-6579f37a9a3b') HTTP/1.1" 200 1239
2016-09-12 15:47:02,129 - INFO:Starting new HTTPS connection (1): media.windows.net
2016-09-12 15:47:02,919 - DEBUG:"GET /API/Jobs('nb:jid:UUID:c48f0073-652d-4615-9d38-6579f37a9a3b') HTTP/1.1" 301 166
2016-09-12 15:47:02,932 - INFO:Starting new HTTPS connection (1): ams-brso-1-hos-rest-1-1.cloudapp.net
2016-09-12 15:47:03,289 - DEBUG:"GET /api//Jobs('nb:jid:UUID:c48f0073-652d-4615-9d38-6579f37a9a3b') HTTP/1.1" 200 1239
2016-09-12 15:47:08,302 - INFO:Starting new HTTPS connection (1): media.windows.net
2016-09-12 15:47:08,979 - DEBUG:"GET /API/Jobs('nb:jid:UUID:c48f0073-652d-4615-9d38-6579f37a9a3b') HTTP/1.1" 301 166
2016-09-12 15:47:08,985 - INFO:Starting new HTTPS connection (1): ams-brso-1-hos-rest-1-1.cloudapp.net
2016-09-12 15:47:09,312 - DEBUG:"GET /api//Jobs('nb:jid:UUID:c48f0073-652d-4615-9d38-6579f37a9a3b') HTTP/1.1" 200 1239
2016-09-12 15:47:14,369 - INFO:Starting new HTTPS connection (1): media.windows.net
2016-09-12 15:47:15,004 - DEBUG:"GET /API/Jobs('nb:jid:UUID:c48f0073-652d-4615-9d38-6579f37a9a3b') HTTP/1.1" 301 166
2016-09-12 15:47:15,012 - INFO:Starting new HTTPS connection (1): ams-brso-1-hos-rest-1-1.cloudapp.net
2016-09-12 15:47:15,531 - DEBUG:"GET /api//Jobs('nb:jid:UUID:c48f0073-652d-4615-9d38-6579f37a9a3b') HTTP/1.1" 200 1239
2016-09-12 15:47:20,541 - INFO:Starting new HTTPS connection (1): media.windows.net
2016-09-12 15:47:21,182 - DEBUG:"GET /API/Jobs('nb:jid:UUID:c48f0073-652d-4615-9d38-6579f37a9a3b') HTTP/1.1" 301 166
2016-09-12 15:47:21,193 - INFO:Starting new HTTPS connection (1): ams-brso-1-hos-rest-1-1.cloudapp.net
2016-09-12 15:47:21,880 - DEBUG:"GET /api//Jobs('nb:jid:UUID:c48f0073-652d-4615-9d38-6579f37a9a3b') HTTP/1.1" 200 1239
2016-09-12 15:47:26,897 - INFO:Starting new HTTPS connection (1): media.windows.net
2016-09-12 15:47:27,510 - DEBUG:"GET /API/Jobs('nb:jid:UUID:c48f0073-652d-4615-9d38-6579f37a9a3b') HTTP/1.1" 301 166
2016-09-12 15:47:27,522 - INFO:Starting new HTTPS connection (1): ams-brso-1-hos-rest-1-1.cloudapp.net
2016-09-12 15:47:27,875 - DEBUG:"GET /api//Jobs('nb:jid:UUID:c48f0073-652d-4615-9d38-6579f37a9a3b') HTTP/1.1" 200 1239
2016-09-12 15:47:32,890 - INFO:Starting new HTTPS connection (1): media.windows.net
2016-09-12 15:47:33,496 - DEBUG:"GET /API/Jobs('nb:jid:UUID:c48f0073-652d-4615-9d38-6579f37a9a3b') HTTP/1.1" 301 166
2016-09-12 15:47:33,504 - INFO:Starting new HTTPS connection (1): ams-brso-1-hos-rest-1-1.cloudapp.net
2016-09-12 15:47:33,855 - DEBUG:"GET /api//Jobs('nb:jid:UUID:c48f0073-652d-4615-9d38-6579f37a9a3b') HTTP/1.1" 200 1239
2016-09-12 15:47:38,866 - INFO:Starting new HTTPS connection (1): media.windows.net
2016-09-12 15:47:39,733 - DEBUG:"GET /API/Jobs('nb:jid:UUID:c48f0073-652d-4615-9d38-6579f37a9a3b') HTTP/1.1" 301 166
2016-09-12 15:47:39,737 - INFO:Starting new HTTPS connection (1): ams-brso-1-hos-rest-1-1.cloudapp.net
2016-09-12 15:47:40,451 - DEBUG:"GET /api//Jobs('nb:jid:UUID:c48f0073-652d-4615-9d38-6579f37a9a3b') HTTP/1.1" 200 1239
2016-09-12 15:47:45,467 - INFO:Starting new HTTPS connection (1): media.windows.net
2016-09-12 15:47:46,513 - DEBUG:"GET /API/Jobs('nb:jid:UUID:c48f0073-652d-4615-9d38-6579f37a9a3b') HTTP/1.1" 301 166
2016-09-12 15:47:46,525 - INFO:Starting new HTTPS connection (1): ams-brso-1-hos-rest-1-1.cloudapp.net
2016-09-12 15:47:47,263 - DEBUG:"GET /api//Jobs('nb:jid:UUID:c48f0073-652d-4615-9d38-6579f37a9a3b') HTTP/1.1" 200 1239
2016-09-12 15:47:52,277 - INFO:Starting new HTTPS connection (1): media.windows.net
2016-09-12 15:47:52,974 - DEBUG:"GET /API/Jobs('nb:jid:UUID:c48f0073-652d-4615-9d38-6579f37a9a3b') HTTP/1.1" 301 166
2016-09-12 15:47:52,986 - INFO:Starting new HTTPS connection (1): ams-brso-1-hos-rest-1-1.cloudapp.net
2016-09-12 15:47:53,786 - DEBUG:"GET /api//Jobs('nb:jid:UUID:c48f0073-652d-4615-9d38-6579f37a9a3b') HTTP/1.1" 200 1239
2016-09-12 15:47:58,793 - INFO:Starting new HTTPS connection (1): media.windows.net
2016-09-12 15:47:59,399 - DEBUG:"GET /API/Jobs('nb:jid:UUID:c48f0073-652d-4615-9d38-6579f37a9a3b') HTTP/1.1" 301 166
2016-09-12 15:47:59,405 - INFO:Starting new HTTPS connection (1): ams-brso-1-hos-rest-1-1.cloudapp.net
2016-09-12 15:47:59,750 - DEBUG:"GET /api//Jobs('nb:jid:UUID:c48f0073-652d-4615-9d38-6579f37a9a3b') HTTP/1.1" 200 1239
2016-09-12 15:48:04,763 - INFO:Starting new HTTPS connection (1): media.windows.net
2016-09-12 15:48:05,397 - DEBUG:"GET /API/Jobs('nb:jid:UUID:c48f0073-652d-4615-9d38-6579f37a9a3b') HTTP/1.1" 301 166
2016-09-12 15:48:05,408 - INFO:Starting new HTTPS connection (1): ams-brso-1-hos-rest-1-1.cloudapp.net
2016-09-12 15:48:05,763 - DEBUG:"GET /api//Jobs('nb:jid:UUID:c48f0073-652d-4615-9d38-6579f37a9a3b') HTTP/1.1" 200 1239
2016-09-12 15:48:10,777 - INFO:Starting new HTTPS connection (1): media.windows.net
2016-09-12 15:48:12,045 - DEBUG:"GET /API/Jobs('nb:jid:UUID:c48f0073-652d-4615-9d38-6579f37a9a3b') HTTP/1.1" 301 166
2016-09-12 15:48:12,051 - INFO:Starting new HTTPS connection (1): ams-brso-1-hos-rest-1-1.cloudapp.net
2016-09-12 15:48:12,439 - DEBUG:"GET /api//Jobs('nb:jid:UUID:c48f0073-652d-4615-9d38-6579f37a9a3b') HTTP/1.1" 200 1239
2016-09-12 15:48:17,447 - INFO:Starting new HTTPS connection (1): media.windows.net
2016-09-12 15:48:18,758 - DEBUG:"GET /API/Jobs('nb:jid:UUID:c48f0073-652d-4615-9d38-6579f37a9a3b') HTTP/1.1" 301 166
2016-09-12 15:48:18,762 - INFO:Starting new HTTPS connection (1): ams-brso-1-hos-rest-1-1.cloudapp.net
2016-09-12 15:48:19,236 - DEBUG:"GET /api//Jobs('nb:jid:UUID:c48f0073-652d-4615-9d38-6579f37a9a3b') HTTP/1.1" 200 1239
2016-09-12 15:48:24,243 - INFO:Starting new HTTPS connection (1): media.windows.net
2016-09-12 15:48:24,850 - DEBUG:"GET /API/Jobs('nb:jid:UUID:c48f0073-652d-4615-9d38-6579f37a9a3b') HTTP/1.1" 301 166
2016-09-12 15:48:24,855 - INFO:Starting new HTTPS connection (1): ams-brso-1-hos-rest-1-1.cloudapp.net
2016-09-12 15:48:25,017 - DEBUG:"GET /api//Jobs('nb:jid:UUID:c48f0073-652d-4615-9d38-6579f37a9a3b') HTTP/1.1" 200 1239
2016-09-12 15:48:30,025 - INFO:Starting new HTTPS connection (1): media.windows.net
2016-09-12 15:48:30,678 - DEBUG:"GET /API/Jobs('nb:jid:UUID:c48f0073-652d-4615-9d38-6579f37a9a3b') HTTP/1.1" 301 166
2016-09-12 15:48:30,685 - INFO:Starting new HTTPS connection (1): ams-brso-1-hos-rest-1-1.cloudapp.net
2016-09-12 15:48:31,006 - DEBUG:"GET /api//Jobs('nb:jid:UUID:c48f0073-652d-4615-9d38-6579f37a9a3b') HTTP/1.1" 200 1239
2016-09-12 15:48:36,014 - INFO:Starting new HTTPS connection (1): media.windows.net
2016-09-12 15:48:36,599 - DEBUG:"GET /API/Jobs('nb:jid:UUID:c48f0073-652d-4615-9d38-6579f37a9a3b') HTTP/1.1" 301 166
2016-09-12 15:48:36,603 - INFO:Starting new HTTPS connection (1): ams-brso-1-hos-rest-1-1.cloudapp.net
2016-09-12 15:48:36,900 - DEBUG:"GET /api//Jobs('nb:jid:UUID:c48f0073-652d-4615-9d38-6579f37a9a3b') HTTP/1.1" 200 1239
2016-09-12 15:48:41,913 - INFO:Starting new HTTPS connection (1): media.windows.net
2016-09-12 15:48:43,115 - DEBUG:"GET /API/Jobs('nb:jid:UUID:c48f0073-652d-4615-9d38-6579f37a9a3b') HTTP/1.1" 301 166
2016-09-12 15:48:43,120 - INFO:Starting new HTTPS connection (1): ams-brso-1-hos-rest-1-1.cloudapp.net
2016-09-12 15:48:43,472 - DEBUG:"GET /api//Jobs('nb:jid:UUID:c48f0073-652d-4615-9d38-6579f37a9a3b') HTTP/1.1" 200 1239
2016-09-12 15:48:48,481 - INFO:Starting new HTTPS connection (1): media.windows.net
2016-09-12 15:48:49,124 - DEBUG:"GET /API/Jobs('nb:jid:UUID:c48f0073-652d-4615-9d38-6579f37a9a3b') HTTP/1.1" 301 166
2016-09-12 15:48:49,136 - INFO:Starting new HTTPS connection (1): ams-brso-1-hos-rest-1-1.cloudapp.net
2016-09-12 15:48:49,519 - DEBUG:"GET /api//Jobs('nb:jid:UUID:c48f0073-652d-4615-9d38-6579f37a9a3b') HTTP/1.1" 200 1239
2016-09-12 15:48:54,535 - INFO:Starting new HTTPS connection (1): media.windows.net
2016-09-12 15:48:55,169 - DEBUG:"GET /API/Jobs('nb:jid:UUID:c48f0073-652d-4615-9d38-6579f37a9a3b') HTTP/1.1" 301 166
2016-09-12 15:48:55,173 - INFO:Starting new HTTPS connection (1): ams-brso-1-hos-rest-1-1.cloudapp.net
2016-09-12 15:48:55,494 - DEBUG:"GET /api//Jobs('nb:jid:UUID:c48f0073-652d-4615-9d38-6579f37a9a3b') HTTP/1.1" 200 1239
2016-09-12 15:49:00,510 - INFO:Starting new HTTPS connection (1): media.windows.net
2016-09-12 15:49:01,159 - DEBUG:"GET /API/Jobs('nb:jid:UUID:c48f0073-652d-4615-9d38-6579f37a9a3b') HTTP/1.1" 301 166
2016-09-12 15:49:01,171 - INFO:Starting new HTTPS connection (1): ams-brso-1-hos-rest-1-1.cloudapp.net
2016-09-12 15:49:01,586 - DEBUG:"GET /api//Jobs('nb:jid:UUID:c48f0073-652d-4615-9d38-6579f37a9a3b') HTTP/1.1" 200 1239
2016-09-12 15:49:06,598 - INFO:Starting new HTTPS connection (1): media.windows.net
2016-09-12 15:49:07,239 - DEBUG:"GET /API/Jobs('nb:jid:UUID:c48f0073-652d-4615-9d38-6579f37a9a3b') HTTP/1.1" 301 166
2016-09-12 15:49:07,250 - INFO:Starting new HTTPS connection (1): ams-brso-1-hos-rest-1-1.cloudapp.net
2016-09-12 15:49:07,756 - DEBUG:"GET /api//Jobs('nb:jid:UUID:c48f0073-652d-4615-9d38-6579f37a9a3b') HTTP/1.1" 200 1239
2016-09-12 15:49:12,762 - INFO:Starting new HTTPS connection (1): media.windows.net
2016-09-12 15:49:13,940 - DEBUG:"GET /API/Jobs('nb:jid:UUID:c48f0073-652d-4615-9d38-6579f37a9a3b') HTTP/1.1" 301 166
2016-09-12 15:49:13,945 - INFO:Starting new HTTPS connection (1): ams-brso-1-hos-rest-1-1.cloudapp.net
2016-09-12 15:49:14,410 - DEBUG:"GET /api//Jobs('nb:jid:UUID:c48f0073-652d-4615-9d38-6579f37a9a3b') HTTP/1.1" 200 1239
2016-09-12 15:49:19,421 - INFO:Starting new HTTPS connection (1): media.windows.net
2016-09-12 15:49:20,198 - DEBUG:"GET /API/Jobs('nb:jid:UUID:c48f0073-652d-4615-9d38-6579f37a9a3b') HTTP/1.1" 301 166
2016-09-12 15:49:20,203 - INFO:Starting new HTTPS connection (1): ams-brso-1-hos-rest-1-1.cloudapp.net
2016-09-12 15:49:20,808 - DEBUG:"GET /api//Jobs('nb:jid:UUID:c48f0073-652d-4615-9d38-6579f37a9a3b') HTTP/1.1" 200 1239
2016-09-12 15:49:25,814 - INFO:Starting new HTTPS connection (1): media.windows.net
2016-09-12 15:49:26,723 - DEBUG:"GET /API/Jobs('nb:jid:UUID:c48f0073-652d-4615-9d38-6579f37a9a3b') HTTP/1.1" 301 166
2016-09-12 15:49:26,735 - INFO:Starting new HTTPS connection (1): ams-brso-1-hos-rest-1-1.cloudapp.net
2016-09-12 15:49:27,396 - DEBUG:"GET /api//Jobs('nb:jid:UUID:c48f0073-652d-4615-9d38-6579f37a9a3b') HTTP/1.1" 200 1239
2016-09-12 15:49:32,412 - INFO:Starting new HTTPS connection (1): media.windows.net
2016-09-12 15:49:33,132 - DEBUG:"GET /API/Jobs('nb:jid:UUID:c48f0073-652d-4615-9d38-6579f37a9a3b') HTTP/1.1" 301 166
2016-09-12 15:49:33,148 - INFO:Starting new HTTPS connection (1): ams-brso-1-hos-rest-1-1.cloudapp.net
2016-09-12 15:49:33,543 - DEBUG:"GET /api//Jobs('nb:jid:UUID:c48f0073-652d-4615-9d38-6579f37a9a3b') HTTP/1.1" 200 1265
2016-09-12 15:49:38,564 - INFO:Starting new HTTPS connection (1): ams-brso-1-hos-rest-1-1.cloudapp.net
2016-09-12 15:49:38,784 - DEBUG:"GET /api/Jobs('nb%3Ajid%3AUUID%3Ac48f0073-652d-4615-9d38-6579f37a9a3b')/OutputMediaAssets HTTP/1.1" 200 2098
2016-09-12 15:49:38,792 - INFO:Starting new HTTPS connection (1): media.windows.net
2016-09-12 15:49:40,097 - DEBUG:"POST /API/AccessPolicies HTTP/1.1" 301 166
2016-09-12 15:49:40,110 - INFO:Starting new HTTPS connection (1): ams-brso-1-hos-rest-1-1.cloudapp.net
2016-09-12 15:49:41,573 - DEBUG:"POST /api//AccessPolicies HTTP/1.1" 201 546
2016-09-12 15:49:41,593 - INFO:Starting new HTTPS connection (1): media.windows.net
2016-09-12 15:49:42,205 - DEBUG:"POST /API/Locators HTTP/1.1" 301 166
2016-09-12 15:49:42,218 - INFO:Starting new HTTPS connection (1): ams-brso-1-hos-rest-1-1.cloudapp.net
2016-09-12 15:49:43,954 - DEBUG:"POST /api//Locators HTTP/1.1" 201 1414
2016-09-12 15:49:44,049 - INFO:Starting new HTTPS connection (1): wow2ams.blob.core.windows.net
2016-09-12 15:49:44,513 - DEBUG:"GET /asset-0c4e398f-0d93-4978-96da-4ae43aa89b26?restype=container&comp=list HTTP/1.1" 200 None
